3001
1 0 4 1
1 2 4 3
7 1 10 2
6 4 10 5
2 6 9 6
0 7 1 11
0 12 1 15
2 7 3 12
5 9 7 11
2 13 4 15
5 13 7 15
8 9 9 12
10 8 10 15
1 16 2 19
5 17 10 18
2 21 6 22
1 24 4 25
0 26 3 27
0 29 4 30
2 33 4 35
5 26 6 29
5 30 6 34
7 20 10 21
8 22 10 24
8 30 10 32
8 34 10 36
11 7 12 11
11 17 11 25
12 16 12 25
11 28 12 31
11 32 12 35
15 1 18 2
14 5 16 7
13 11 14 14
15 11 16 14
17 4 18 7
17 10 18 13
19 4 19 14
13 17 13 24
14 19 14 29
15 19 15 29
13 30 15 32
13 33 14 36
16 16 16 23
17 20 18 23
16 26 17 29
18 26 19 30
18 31 19 35
20 6 21 10
20 14 21 17
20 19 21 22
22 3 23 7
26 0 27 5
28 0 28 7
23 9 25 11
26 9 28 11
22 12 22 20
23 12 23 20
24 17 27 18
24 19 28 20
22 21 24 23
25 22 27 24
20 26 25 27
20 28 20 36
21 29 22 32
23 28 24 32
22 33 24 35
26 28 26 35
28 28 28 35
29 7 29 15
29 16 29 23
30 0 31 4
32 3 33 6
34 0 38 1
35 2 40 3
38 4 41 5
34 6 42 6
32 7 36 8
39 7 42 8
32 9 33 12
36 9 39 10
34 11 37 12
39 11 42 12
35 13 42 13
35 14 42 14
31 15 40 15
33 16 38 17
35 18 42 18
30 20 34 21
38 19 40 21
32 22 34 24
35 22 37 24
38 22 41 23
30 25 37 25
30 26 38 26
30 27 41 27
36 28 40 29
31 30 35 31
38 30 41 31
35 32 42 32
35 33 42 33
33 34 42 34
29 35 33 36
34 35 42 35
45 0 49 1
45 2 48 3
53 2 57 3
45 4 49 5
44 6 45 10
46 7 49 8
48 9 51 10
55 7 56 10
48 11 56 11
43 12 47 13
44 15 47 16
49 13 50 16
52 12 53 15
54 14 57 16
48 17 55 17
43 18 53 18
43 19 45 21
46 19 48 21
44 23 46 25
43 26 45 28
46 26 48 28
49 19 49 28
45 29 48 30
54 19 57 20
53 21 57 22
52 23 56 24
51 27 52 30
53 27 54 30
55 27 56 30
43 35 46 36
47 31 48 35
50 31 52 33
54 33 57 34
50 35 54 36
58 0 61 1
58 3 60 5
58 6 61 7
58 8 61 9
62 2 62 9
65 0 75 0
63 1 65 4
67 1 70 2
72 2 75 3
66 4 69 5
67 6 78 6
67 7 76 7
67 8 76 8
71 9 78 9
79 0 80 3
82 1 85 2
82 3 85 4
81 6 85 7
86 0 86 7
94 2 99 3
100 0 101 3
91 4 98 4
88 5 98 5
92 6 95 7
99 4 100 7
103 0 104 3
105 1 108 2
105 3 108 4
104 6 108 7
109 0 109 7
110 0 110 7
111 0 112 3
115 0 116 3
113 6 116 7
85 8 89 9
93 8 102 8
93 9 102 9
108 8 113 9
122 1 133 1
125 2 133 2
134 0 137 1
130 3 137 3
117 4 120 6
123 5 126 6
126 7 129 8
130 4 137 4
132 5 136 6
133 7 137 8
139 0 142 1
139 5 140 8
141 2 142 5
147 3 149 5
143 7 147 8
151 0 154 1
151 2 154 3
150 4 153 5
150 7 153 8
155 2 156 5
158 2 160 5
155 6 158 7
125 9 133 9
134 9 141 9
163 0 167 1
168 0 171 1
163 2 167 3
173 1 174 4
163 6 167 7
168 5 170 7
173 5 175 7
164 8 168 9
172 8 175 9
177 1 181 2
176 3 178 5
179 3 181 5
178 6 181 7
177 8 180 9
182 5 183 8
58 11 58 21
59 13 59 21
58 25 59 29
58 30 59 33
61 10 63 12
72 10 79 10
72 11 80 11
72 12 80 12
83 10 85 12
60 14 67 14
62 15 66 16
60 17 69 17
60 18 69 18
62 19 69 19
70 15 73 16
71 17 73 19
74 16 76 18
78 17 80 19
81 15 82 19
61 21 63 23
72 20 75 21
70 22 74 23
79 22 82 23
60 24 63 25
66 24 74 24
66 25 74 25
79 24 82 25
61 28 64 30
60 33 61 36
63 33 65 35
66 26 67 29
66 32 67 36
68 33 69 36
70 26 71 29
74 26 75 30
76 27 77 30
70 31 78 31
70 32 74 33
71 34 73 36
76 34 78 36
81 27 82 30
79 31 82 32
80 34 82 36
83 13 84 18
83 27 83 34
84 27 85 32
86 10 86 17
87 13 88 17
96 10 104 10
92 11 100 11
89 14 99 14
107 10 109 12
105 13 109 14
100 15 108 15
96 17 105 17
88 18 97 18
86 19 91 20
94 19 97 20
98 19 102 20
107 18 109 20
86 27 86 34
87 25 87 32
91 22 94 23
95 21 97 24
98 21 100 23
107 22 109 24
88 25 90 27
92 26 95 27
99 25 101 27
104 26 108 27
89 30 91 32
92 30 93 33
96 29 99 31
97 32 100 33
101 28 106 29
102 30 105 31
101 33 108 33
101 34 108 34
109 27 109 34
100 35 107 35
88 36 95 36
102 36 109 36
110 10 110 17
111 10 121 10
111 11 121 11
124 10 127 11
111 12 112 16
113 15 115 17
118 12 121 13
122 12 126 13
118 14 122 15
118 16 122 17
124 14 125 17
128 10 128 17
110 18 118 18
129 10 137 10
129 11 137 11
129 12 134 13
129 14 136 14
131 16 134 17
129 18 137 18
138 12 139 17
140 11 140 18
151 11 159 11
141 12 145 13
142 16 144 18
145 15 148 16
150 14 151 17
152 12 154 14
155 13 156 16
153 17 156 18
158 12 159 16
110 20 110 29
111 22 111 29
110 30 111 33
112 19 119 19
128 19 137 19
138 19 149 19
112 20 112 29
113 22 116 23
114 27 116 29
112 30 115 31
113 32 114 36
115 33 116 36
118 23 120 25
118 26 120 28
122 21 122 29
117 31 121 32
117 33 121 34
126 20 134 20
128 21 136 21
128 22 136 22
129 23 138 23
127 24 134 24
123 25 123 34
126 26 134 26
124 28 128 29
125 31 129 32
131 29 133 31
131 32 133 34
135 29 136 33
137 24 138 27
137 28 138 33
139 22 139 32
121 35 128 35
119 36 128 36
140 20 143 21
146 20 148 22
140 23 148 23
151 20 155 21
152 22 155 23
140 33 141 36
142 24 142 31
143 25 144 28
142 32 143 35
149 24 153 25
145 26 155 26
146 27 148 29
145 31 148 32
145 34 148 35
151 27 155 28
149 32 150 35
152 29 155 30
152 31 155 32
151 34 154 35
148 36 155 36
157 19 159 21
156 24 159 25
157 29 159 31
156 33 159 34
156 35 159 36
163 10 168 11
170 10 177 10
174 11 183 11
176 12 183 12
163 13 170 13
161 14 165 15
163 16 165 18
166 16 169 17
160 19 161 23
162 19 164 21
166 20 168 22
169 19 170 23
171 14 171 21
172 14 174 16
172 17 173 20
171 22 174 23
175 18 176 21
160 26 160 34
162 29 164 31
161 33 162 36
163 33 164 36
167 24 167 33
168 25 170 27
168 31 171 33
174 26 176 28
172 31 175 32
168 34 172 35
169 36 176 36
177 19 177 28
178 19 179 23
178 32 179 36
180 13 183 14
181 15 181 22
182 18 183 22
180 23 183 24
180 25 183 26
180 28 183 29
180 32 183 33
180 35 183 36
186 0 189 1
184 2 189 3
185 5 187 7
184 10 187 11
184 16 187 17
190 0 199 0
190 1 191 5
190 8 193 10
191 11 192 14
194 1 194 9
195 2 199 3
196 4 199 5
196 7 199 8
195 9 195 17
198 12 199 16
185 18 187 20
185 21 186 24
187 21 188 24
190 19 191 24
193 19 198 20
196 21 198 23
185 26 189 27
190 26 194 27
190 28 198 28
188 29 196 29
199 20 199 27
184 32 185 35
190 30 197 30
186 31 190 32
193 31 197 32
189 34 197 34
198 30 199 34
0 38 3 39
0 40 1 44
2 40 3 44
0 45 3 46
0 47 3 48
0 50 3 51
4 37 4 45
5 39 5 47
6 37 6 47
7 37 7 47
9 39 11 41
8 44 12 45
8 46 12 47
4 48 12 48
5 49 12 49
15 37 16 40
14 43 17 44
13 45 16 46
14 48 15 51
18 37 26 37
19 38 26 38
19 39 26 39
27 37 34 37
27 38 34 38
27 39 34 39
35 38 38 39
41 37 43 39
44 37 46 39
47 37 54 37
48 38 52 39
18 44 18 51
20 40 21 43
24 40 25 43
26 40 28 42
33 40 36 41
29 42 36 42
29 43 36 43
19 44 24 45
26 44 30 45
31 44 34 45
26 46 36 46
26 48 36 48
37 40 38 43
39 41 40 44
42 41 43 44
44 42 46 44
47 41 48 44
49 41 50 44
51 41 52 44
53 41 54 44
38 45 41 47
42 45 51 45
44 46 47 47
23 50 27 51
31 49 39 49
36 50 39 51
47 50 54 50
47 51 54 51
4 52 12 52
21 52 29 52
36 52 43 52
44 52 52 52
0 53 8 53
12 53 20 53
21 53 29 53
7 54 17 54
18 54 25 54
34 54 43 54
0 61 0 70
28 55 36 55
41 55 49 55
2 57 5 58
1 62 1 70
2 59 2 70
3 61 3 70
4 61 4 70
5 59 5 70
8 58 12 59
8 60 12 61
6 63 7 66
6 68 8 70
9 64 10 67
11 66 12 70
13 62 13 70
14 59 15 63
16 58 17 63
18 56 18 64
16 67 18 69
19 56 19 64
21 58 22 62
20 63 22 65
20 66 22 69
23 59 23 67
24 56 24 65
25 56 28 57
32 56 34 58
37 57 41 58
44 56 46 58
25 59 34 59
40 59 47 59
25 63 26 66
27 60 27 67
28 60 29 64
32 60 40 60
32 61 40 61
30 64 32 66
33 62 38 63
36 64 40 65
33 66 40 66
30 67 38 67
32 68 40 68
42 62 45 63
43 64 47 65
43 66 47 67
28 69 39 69
28 70 39 70
48 56 49 59
50 56 51 60
53 58 54 61
49 62 54 63
49 64 53 65
48 66 50 68
51 66 53 68
60 37 67 37
68 37 76 37
77 37 85 37
66 38 77 38
78 38 89 38
94 37 98 38
62 39 65 40
55 45 56 49
57 42 59 44
57 47 58 51
60 42 60 51
61 41 61 49
62 42 62 51
63 44 63 51
64 43 65 47
64 48 65 51
68 40 68 48
69 44 70 47
71 40 71 48
68 49 71 50
73 39 75 41
72 44 74 46
72 48 75 49
72 50 75 51
80 39 84 40
78 41 86 41
78 42 86 42
79 43 86 43
77 44 80 45
76 46 80 47
81 45 83 48
84 44 85 48
78 49 81 50
80 51 87 51
88 44 88 51
89 39 90 43
89 44 89 51
90 44 90 51
91 43 92 48
55 52 55 59
56 53 59 54
60 52 62 54
71 52 81 52
84 52 91 52
69 53 78 53
70 54 78 54
56 56 57 59
58 57 60 59
65 55 74 55
65 56 74 56
69 57 74 58
65 59 74 59
83 55 87 56
75 57 84 57
80 58 87 58
76 59 85 59
88 55 89 58
90 56 91 59
58 60 65 60
58 61 65 61
77 60 80 61
84 60 88 61
89 60 92 61
55 65 63 65
55 67 56 70
57 67 58 70
59 66 62 67
59 68 61 70
64 65 65 68
72 62 80 62
67 63 70 65
72 63 75 64
78 63 80 65
66 66 76 66
81 64 83 66
84 62 92 62
84 64 91 64
87 65 90 66
68 67 71 69
73 68 76 70
81 67 82 70
86 68 89 70
91 67 92 70
93 39 94 42
93 48 94 53
95 41 96 45
95 47 96 50
93 54 95 56
93 57 96 58
94 64 96 66
94 67 96 69
97 41 98 45
97 54 98 58
97 63 98 68
103 37 111 37
106 39 113 39
104 40 113 40
103 41 110 41
99 42 100 46
101 44 104 45
99 47 100 52
99 54 100 57
101 47 104 48
101 50 103 52
101 55 102 58
103 54 104 58
100 59 104 60
100 61 104 62
100 63 104 64
108 42 113 43
106 44 109 45
110 45 113 46
111 47 113 49
107 51 110 52
110 53 113 54
105 63 105 70
109 56 109 65
110 56 112 59
110 61 111 65
109 66 112 67
113 61 113 68
110 69 113 70
115 40 115 47
116 38 116 47
117 39 120 40
118 41 120 43
119 44 120 47
116 49 117 52
114 53 116 55
118 48 118 55
119 48 120 52
115 56 118 57
114 62 114 70
115 62 115 70
116 58 118 60
116 61 116 70
117 61 117 70
118 61 118 70
119 59 120 62
119 67 120 70
121 39 121 46
123 37 127 38
122 39 129 39
132 38 136 39
140 37 148 37
149 37 158 37
158 38 165 38
142 39 150 39
158 39 166 39
170 38 174 39
175 37 179 38
175 39 182 39
185 38 190 39
194 37 197 38
122 40 130 40
122 41 130 41
122 42 126 43
127 42 130 43
123 45 130 45
123 46 130 46
131 40 133 42
135 40 137 42
138 41 141 42
131 43 132 46
134 43 138 44
135 45 138 46
139 44 141 46
142 41 146 42
143 43 144 46
149 41 152 42
166 40 175 40
177 40 184 40
185 40 195 40
160 42 171 42
189 42 196 42
149 44 154 45
165 43 169 44
175 43 182 43
174 44 183 44
173 45 183 45
192 43 196 44
189 45 198 45
153 46 162 46
167 46 174 46
179 46 188 46
191 46 198 46
199 37 199 46
124 47 128 48
127 49 134 49
122 50 129 50
122 51 129 51
121 52 124 53
125 52 129 53
121 54 123 57
126 55 129 56
121 65 122 68
126 58 129 59
123 61 127 62
125 68 127 70
128 63 129 68
130 56 130 63
131 54 132 58
131 60 132 63
133 54 133 63
134 54 134 63
130 64 131 67
132 64 134 66
133 67 134 70
136 47 139 49
136 50 140 51
142 47 144 49
141 52 143 54
135 55 137 57
135 58 138 59
139 56 140 59
137 60 140 61
142 58 143 61
136 63 138 65
139 63 143 64
135 66 143 66
137 69 144 69
137 70 144 70
154 47 158 48
145 49 145 56
147 49 149 51
154 50 157 51
147 53 148 56
150 54 152 56
155 54 157 56
158 49 158 56
148 57 156 57
152 58 156 59
149 60 153 61
157 58 158 61
151 62 158 62
151 63 158 63
149 64 158 64
146 67 148 69
152 65 154 67
155 66 158 67
154 68 157 69
159 52 160 57
159 61 160 64
159 65 160 69
145 70 152 70
153 70 160 70
165 47 173 47
177 47 184 47
165 48 176 48
169 49 179 49
171 50 180 50
161 52 162 57
165 52 168 53
163 54 168 55
165 56 167 58
169 54 171 56
172 53 174 55
172 58 175 59
176 51 185 51
179 52 183 53
178 54 186 54
179 55 186 55
179 56 186 56
180 57 182 59
163 60 171 60
161 61 171 61
161 63 164 64
168 63 172 64
173 60 177 61
180 60 183 61
175 62 183 62
173 63 183 63
173 64 180 64
184 60 185 64
166 65 170 66
174 65 185 65
176 66 185 66
161 67 163 69
169 67 172 68
174 67 176 69
177 67 180 69
181 67 183 69
172 70 183 70
185 67 186 70
187 57 187 65
188 54 189 58
188 62 189 66
188 67 189 70
192 48 194 50
191 55 193 57
194 54 195 57
191 58 194 59
190 63 192 66
194 61 195 66
191 68 195 69
197 51 198 56
196 58 199 59
196 61 198 63
196 64 199 66
196 68 199 69
0 72 1 76
0 82 0 89
1 82 1 89
0 93 1 98
0 101 0 108
1 101 1 108
0 117 0 126
0 127 0 136
1 119 1 128
0 141 1 145
2 72 2 80
3 77 3 88
2 93 3 97
2 99 3 102
2 112 2 123
3 109 3 118
3 124 3 133
2 141 2 151
3 139 3 149
0 153 2 155
4 72 7 73
4 74 4 85
6 79 7 82
6 84 7 87
5 88 7 90
4 92 7 93
5 94 7 96
4 97 5 100
4 103 4 114
4 134 4 143
5 111 5 118
4 145 5 150
4 151 5 155
6 117 6 128
6 147 6 155
7 108 7 119
7 120 7 129
3 156 6 157
8 71 11 72
12 71 16 72
19 71 22 72
8 73 9 77
10 73 11 77
8 78 11 79
8 80 10 82
11 84 12 87
13 78 14 82
15 78 15 87
17 78 17 87
18 75 19 80
20 73 20 82
21 73 22 78
21 79 22 82
18 84 19 87
20 85 22 87
9 88 13 89
8 90 9 93
8 94 9 97
10 91 11 94
12 90 13 94
10 95 13 96
8 98 10 100
11 98 13 100
9 101 12 102
8 107 9 111
10 103 11 108
12 103 12 112
13 105 13 112
8 116 9 119
10 113 11 117
12 113 13 118
9 121 13 122
10 123 13 124
10 126 13 127
8 128 13 129
10 130 13 131
8 132 11 133
9 136 12 137
13 132 13 139
15 88 22 88
17 89 22 90
15 92 19 93
20 91 22 93
14 94 16 96
14 99 16 101
17 94 18 99
19 95 20 99
18 100 21 101
22 94 22 101
14 102 22 102
14 103 15 108
19 103 22 104
19 107 22 108
14 109 15 113
17 109 20 110
17 111 19 113
20 111 22 113
19 114 22 115
14 119 14 127
14 130 14 137
15 121 15 131
16 123 16 131
17 120 17 128
18 119 21 120
18 122 21 123
18 124 19 127
20 124 21 127
21 128 22 131
16 132 20 133
16 134 19 135
16 136 20 137
15 139 19 140
22 132 22 140
8 141 16 141
9 143 13 144
8 145 8 156
9 148 9 156
11 145 14 146
11 147 14 148
10 149 12 151
11 152 14 153
11 154 14 155
11 156 14 157
15 143 15 151
16 146 17 149
19 143 20 146
21 145 22 149
18 150 21 151
15 155 19 156
15 157 22 157
28 71 36 71
46 71 53 71
63 71 71 71
72 71 82 71
89 71 100 71
23 72 27 73
24 76 25 79
27 76 28 79
29 77 31 79
23 86 23 96
24 88 24 96
25 81 28 83
25 84 28 86
25 94 28 95
30 82 31 86
29 88 31 90
29 91 31 93
29 94 31 96
23 97 25 99
27 97 31 98
32 87 32 95
25 100 32 100
42 72 51 72
57 72 66 72
69 72 77 72
33 74 35 76
33 79 35 81
33 83 35 85
37 75 38 78
36 81 39 83
36 85 40 86
42 73 44 75
46 73 48 75
49 75 53 76
48 78 55 78
48 79 55 79
45 80 53 80
45 81 53 81
41 82 49 82
41 83 51 83
56 73 56 83
57 73 57 81
41 84 50 84
44 85 48 86
51 84 56 85
60 73 69 73
74 73 84 73
62 74 71 74
61 75 68 75
77 74 84 74
79 75 87 75
59 76 61 78
59 79 61 81
58 84 61 85
64 76 69 77
66 78 74 78
78 78 85 78
86 76 88 78
76 79 83 79
77 80 88 80
62 84 64 86
68 82 72 83
68 85 72 86
81 81 88 81
73 82 81 82
73 83 76 84
77 83 80 84
73 85 76 86
78 85 81 86
83 82 86 83
84 84 86 86
87 82 88 86
50 87 57 87
58 87 66 87
70 87 80 87
33 88 37 89
34 90 36 92
38 89 39 92
40 89 41 92
54 88 62 88
51 90 61 90
65 88 67 90
69 89 76 89
44 91 51 91
56 91 60 92
63 91 68 92
77 89 79 91
83 88 85 90
81 91 88 91
81 92 88 92
89 77 91 79
89 80 91 82
89 83 91 86
89 87 91 89
92 77 92 84
92 85 92 92
33 93 34 96
41 95 44 96
45 93 47 96
53 93 56 94
52 95 55 96
59 93 61 96
63 94 65 96
66 94 68 96
69 93 70 96
71 93 72 96
85 93 92 93
77 94 85 94
73 95 80 95
77 96 85 96
34 97 43 97
34 99 38 100
41 98 43 100
45 97 46 100
47 98 49 100
51 98 53 100
54 98 56 100
60 97 65 98
59 99 63 100
69 97 74 98
67 99 72 100
76 97 83 97
77 99 80 100
82 98 86 99
90 98 92 100
93 72 100 72
95 74 98 75
93 76 94 79
96 76 97 79
95 80 98 81
93 86 96 87
95 90 96 94
93 96 96 97
93 98 96 99
97 87 98 91
97 95 98 99
99 73 100 77
99 79 100 83
99 86 100 90
99 96 100 100
27 102 31 103
32 101 35 102
38 101 46 101
36 102 44 102
40 103 48 103
35 104 46 104
23 108 26 109
23 113 25 115
24 116 25 120
23 149 23 157
24 126 24 133
25 127 26 130
25 134 26 137
24 138 26 140
24 141 24 150
25 144 26 149
25 150 26 154
27 105 27 112
27 121 27 131
27 132 27 140
30 105 31 108
35 105 46 105
39 106 46 106
33 107 35 109
38 107 46 107
36 108 44 108
40 109 48 109
28 112 35 112
41 110 48 110
42 111 46 112
30 114 31 117
32 113 33 116
36 113 37 117
28 120 32 121
33 119 36 120
28 124 33 125
28 126 33 127
30 128 37 128
31 129 34 130
30 131 33 132
36 129 37 132
38 114 38 124
39 117 39 124
40 115 40 126
41 120 41 128
42 113 42 122
31 135 34 136
38 135 41 136
43 113 44 116
45 115 48 116
43 118 48 119
44 120 48 121
43 128 43 136
44 126 44 136
47 122 48 125
46 128 48 130
46 132 47 135
28 138 32 139
33 140 34 143
28 145 30 147
35 139 35 147
36 140 36 147
37 140 37 147
38 139 40 141
38 142 40 144
41 141 42 146
43 139 44 144
46 137 48 139
45 140 48 141
44 146 47 147
37 148 44 148
27 149 34 149
29 150 36 150
27 152 30 153
32 151 34 153
37 150 38 153
39 149 41 151
43 149 44 153
47 150 48 153
31 154 39 154
41 155 48 155
41 156 48 156
33 157 40 157
41 157 48 157
51 101 51 109
52 101 52 109
49 113 52 114
50 115 52 117
49 119 52 120
49 122 52 123
49 124 52 125
53 101 61 101
53 102 55 104
53 105 55 107
57 102 58 106
54 108 56 111
57 108 58 112
59 102 59 110
60 102 60 110
57 114 60 115
55 117 60 118
54 119 55 123
53 124 56 125
57 122 58 125
59 123 61 125
51 126 53 128
54 126 57 128
55 129 59 130
52 131 57 132
50 134 51 137
52 133 54 135
56 133 59 134
56 135 59 136
52 137 59 137
50 138 57 138
60 135 61 138
49 147 49 155
50 146 51 151
52 146 53 149
54 141 54 150
55 141 55 152
56 145 56 152
57 141 59 143
57 148 59 150
53 154 55 156
56 154 58 156
52 157 59 157
60 149 61 152
60 154 61 157
62 103 63 106
63 111 63 122
64 106 64 117
65 110 65 117
65 124 65 132
66 106 66 114
66 119 66 130
62 134 66 135
63 136 66 137
62 138 62 146
62 147 62 154
64 138 66 140
63 141 66 143
63 146 66 147
63 148 63 155
64 148 66 150
65 152 66 156
67 101 69 103
72 102 77 103
68 105 69 108
73 104 74 107
75 107 78 108
80 102 81 105
82 102 83 105
84 101 85 105
81 106 85 107
88 101 89 105
90 101 91 104
90 105 92 107
79 108 86 108
94 101 95 106
96 101 98 103
98 104 100 106
97 107 100 108
67 109 67 116
67 130 67 137
68 110 69 113
70 111 73 112
74 109 82 109
83 109 90 109
91 109 100 109
83 110 91 110
82 111 92 111
75 112 83 112
86 112 94 112
72 113 79 113
80 113 91 113
82 114 91 114
86 115 93 115
68 116 73 117
68 118 72 119
68 124 68 131
69 123 70 128
69 133 70 137
73 120 74 124
71 125 71 133
72 129 72 137
73 130 73 137
74 130 74 137
68 138 69 141
68 144 68 152
69 144 69 152
70 144 70 152
68 153 70 155
71 148 71 155
73 144 74 148
73 152 74 155
78 116 85 116
75 119 75 128
76 132 76 140
75 141 75 150
76 147 76 155
77 123 77 130
77 131 77 140
78 121 78 129
78 140 78 151
79 121 79 129
79 135 79 142
79 145 79 153
80 120 81 125
80 141 81 145
78 154 81 155
82 117 82 126
83 119 83 126
82 132 82 140
83 127 83 137
82 143 83 148
82 150 83 155
84 122 84 131
84 134 84 143
85 135 85 143
84 147 84 155
85 147 85 155
87 116 90 117
86 118 93 118
86 119 93 119
90 120 93 121
86 122 93 122
86 123 93 123
86 124 86 132
87 124 87 134
88 124 88 134
89 125 91 127
92 124 93 127
90 129 93 130
89 133 91 135
91 137 92 140
93 133 93 140
88 141 90 143
87 144 90 145
87 148 90 149
86 152 89 153
86 154 90 155
91 141 91 150
93 145 93 152
94 117 94 125
95 121 95 129
96 119 98 121
99 114 99 124
97 127 99 129
100 122 100 129
94 148 94 155
95 131 96 136
95 139 96 142
95 143 96 147
95 149 96 154
98 131 100 133
98 134 99 137
97 142 97 150
98 142 98 150
99 142 99 151
100 142 100 150
68 156 73 157
75 156 80 157
82 156 86 157
91 157 98 157
102 72 105 74
107 71 110 72
108 74 112 75
101 76 101 86
101 91 101 99
101 109 101 116
102 78 109 78
103 79 107 80
102 81 106 82
108 81 109 84
102 85 104 87
105 86 106 89
107 87 109 89
106 90 109 91
103 93 107 94
102 95 105 96
103 99 105 101
106 98 107 102
102 103 105 105
102 106 106 107
102 109 102 117
104 111 105 114
103 115 105 117
107 103 107 111
108 97 108 105
108 110 108 118
109 98 109 107
109 108 109 118
102 120 109 120
110 90 110 97
110 112 110 120
101 121 101 129
104 121 108 122
103 124 110 124
103 125 110 125
104 126 108 127
105 128 107 130
102 132 104 134
106 132 108 134
109 128 110 131
111 76 112 80
111 84 112 88
111 89 112 94
111 101 112 105
111 107 112 110
111 114 112 118
111 124 111 131
112 122 112 130
103 136 104 139
106 137 108 139
109 136 110 139
111 136 112 139
116 71 120 72
122 71 125 72
113 73 115 75
113 76 115 78
113 81 115 83
113 84 114 87
113 88 115 90
113 93 114 97
114 98 115 102
114 103 115 106
114 109 114 118
115 107 115 115
116 76 117 80
116 81 116 89
117 87 118 92
117 96 118 99
116 102 116 109
117 101 118 105
117 106 118 109
119 73 124 74
121 75 125 76
119 79 120 83
119 87 119 94
120 87 120 94
119 96 120 100
121 79 122 82
123 79 124 82
121 83 125 84
121 85 121 93
122 85 122 93
121 95 123 97
121 98 125 99
122 102 125 103
119 107 120 111
121 106 122 110
124 105 125 109
119 112 122 113
116 114 123 114
117 116 120 117
121 115 125 116
118 118 125 118
113 122 114 126
113 131 114 135
115 119 116 123
115 128 116 132
118 119 125 119
118 120 125 120
118 121 122 122
119 125 122 126
124 123 125 126
117 128 118 132
119 127 120 132
121 128 123 130
117 133 119 135
120 133 123 134
113 137 115 139
116 136 123 136
116 137 125 137
122 138 125 139
103 140 106 141
108 140 113 141
103 142 114 142
106 143 110 144
103 145 111 145
112 143 114 145
105 146 114 146
115 141 116 144
117 140 120 141
118 143 120 145
101 147 109 147
101 150 109 150
101 151 106 152
101 154 109 154
103 155 106 156
110 147 118 147
110 149 112 151
111 152 112 155
113 150 115 153
116 148 116 155
117 151 119 153
112 156 120 156
121 153 122 156
115 157 122 157
124 142 125 146
123 151 124 154
0 158 8 158
0 159 8 159
1 160 8 160
1 161 8 161
1 162 4 163
1 164 4 165
1 166 4 167
1 168 2 171
3 169 4 172
5 164 5 172
6 162 6 169
7 162 7 170
8 162 8 170
3 173 7 174
3 175 8 176
9 159 10 163
9 165 9 176
10 165 10 174
11 160 11 171
14 159 18 160
14 161 17 162
14 164 18 165
19 158 19 165
13 168 15 170
16 169 17 173
18 166 19 171
15 174 17 176
20 160 21 163
20 169 22 171
20 172 21 176
23 159 24 162
25 160 26 163
29 158 31 160
24 164 27 165
25 166 27 168
29 164 30 168
24 169 27 170
24 171 27 172
23 174 27 175
29 172 30 175
23 176 30 176
31 164 33 166
31 172 32 175
33 167 33 176
34 160 35 163
34 168 35 171
34 172 35 175
38 158 45 158
36 159 36 168
37 159 37 168
38 159 38 168
39 159 39 168
40 159 40 167
41 159 41 167
42 159 44 161
43 163 44 166
46 159 49 160
46 161 48 163
46 167 49 168
38 169 47 169
38 170 41 171
42 170 44 172
47 170 49 172
38 174 42 175
43 174 46 175
47 173 49 175
38 176 45 176
50 173 51 176
65 158 73 158
80 158 87 158
88 158 99 158
112 158 120 158
53 161 54 164
52 167 53 170
53 172 54 176
55 161 56 165
55 166 56 170
55 171 56 174
57 167 57 175
58 166 58 175
59 162 59 170
60 163 60 170
59 171 60 175
61 164 61 171
62 160 62 171
61 172 62 175
63 167 64 172
65 168 65 176
66 162 66 170
85 159 93 159
94 159 101 159
67 160 68 165
72 160 74 162
75 160 77 162
72 163 81 163
70 164 81 164
70 165 81 165
67 166 68 170
69 166 76 166
69 167 70 170
71 167 72 170
73 168 76 169
67 171 74 171
67 172 69 174
71 172 74 173
75 173 79 174
80 166 81 171
82 162 85 163
83 165 85 167
86 160 87 164
84 168 87 169
85 172 87 174
88 161 96 161
98 160 106 160
98 161 106 161
96 162 107 162
88 163 90 165
93 164 97 165
92 166 95 167
95 168 99 169
92 170 99 170
89 171 92 172
89 173 92 174
93 172 95 174
98 171 99 174
100 165 100 173
101 163 101 173
102 163 102 173
103 163 103 173
104 163 104 171
108 160 108 168
70 175 79 175
70 176 79 176
81 175 91 175
81 176 89 176
97 175 101 176
105 175 108 176
109 162 111 164
109 165 111 167
110 169 111 172
109 173 111 175
116 159 119 160
122 159 125 160
112 161 117 162
118 161 125 161
118 162 125 162
112 163 113 166
115 163 123 163
115 164 123 164
115 165 120 166
122 165 125 166
113 171 115 173
117 167 118 170
116 171 118 173
116 174 118 176
119 168 122 170
121 171 122 175
123 168 124 171
0 188 1 193
2 182 3 186
12 177 22 177
15 178 25 178
32 177 36 178
45 177 50 178
55 177 63 177
55 178 63 178
68 177 71 178
78 177 86 177
81 178 89 178
112 177 116 178
10 179 21 179
25 179 34 179
40 179 48 179
51 179 59 179
73 179 83 179
9 180 17 180
31 180 40 180
46 180 55 180
71 180 79 180
102 179 112 179
108 180 118 180
5 182 8 183
5 184 9 185
4 187 7 189
8 187 10 189
20 181 28 181
11 183 14 185
27 182 30 183
18 184 21 185
21 186 24 187
26 184 27 187
29 184 30 187
23 188 30 188
15 189 23 189
33 181 43 181
52 181 63 181
68 181 77 181
83 181 90 181
98 181 108 181
34 183 38 184
40 183 42 185
50 182 51 185
42 186 50 186
35 187 37 189
43 188 50 188
41 189 50 189
54 183 57 184
58 182 65 182
61 183 65 184
66 183 69 184
52 185 54 187
56 185 58 187
59 185 62 186
64 186 69 187
52 188 57 189
72 182 72 189
73 182 73 189
76 183 79 184
85 183 88 184
91 182 101 182
97 183 101 184
105 183 108 184
75 185 77 187
80 187 88 187
95 186 99 187
100 185 103 186
104 185 107 186
100 187 108 187
92 188 102 188
89 189 96 189
101 189 108 189
112 181 115 182
111 183 115 184
112 185 115 186
109 187 114 188
116 184 117 189
118 181 118 189
119 181 119 189
4 192 5 195
7 192 11 193
13 190 21 190
13 191 21 191
15 192 22 192
15 193 22 193
14 194 22 194
24 193 26 195
27 190 28 194
30 190 39 190
30 191 39 191
40 190 45 191
57 190 68 190
78 190 87 190
58 191 66 191
71 191 81 191
82 191 93 191
104 190 108 191
109 190 112 191
33 192 35 194
52 192 57 193
64 192 75 192
70 193 78 193
107 192 115 192
81 193 91 193
100 193 107 193
36 194 45 194
70 194 81 194
92 194 100 194
104 194 115 194
39 195 49 195
50 195 58 195
59 195 69 195
92 195 100 195
101 195 111 195
117 191 118 195
120 184 120 194
121 181 122 185
123 177 123 188
121 191 123 193
124 179 124 187
124 192 125 195
9 196 18 196
65 196 73 196
1 197 9 197
10 197 20 197
21 197 32 197
37 197 48 197
64 197 74 197
93 196 97 197
103 196 111 196
105 197 113 197
3 198 10 198
0 199 8 199
11 198 15 199
0 200 1 204
0 205 1 208
2 200 2 208
3 202 4 206
12 200 15 201
10 202 14 203
5 204 13 204
5 205 13 205
10 206 17 206
10 207 17 207
7 208 17 208
10 209 17 209
10 210 17 210
19 199 21 201
24 198 26 200
18 202 26 202
18 203 26 203
18 204 26 204
18 205 19 209
20 205 21 209
26 207 27 210
29 198 30 201
31 198 39 198
47 199 49 201
54 199 56 201
30 202 31 205
33 202 37 203
33 204 38 205
42 202 45 203
41 204 45 205
48 204 52 205
30 207 39 207
32 208 41 208
32 209 41 209
42 207 44 209
47 207 49 209
54 207 56 209
57 201 57 209
58 199 58 209
59 198 64 199
66 198 71 199
75 198 78 199
93 198 98 199
99 198 109 198
99 199 109 199
74 200 82 200
59 202 63 203
59 204 64 205
66 201 70 202
71 201 76 202
77 201 85 201
68 203 77 203
70 204 77 204
70 205 78 205
70 206 77 206
62 207 70 207
79 206 82 207
89 202 93 203
95 201 97 203
98 201 100 203
103 201 105 203
87 204 88 207
92 204 103 204
92 205 101 205
89 206 93 207
96 206 105 206
96 207 105 207
109 201 113 202
106 203 109 205
112 205 115 206
106 207 115 207
59 209 66 209
59 210 67 210
71 208 79 208
84 209 92 209
80 210 88 210
97 209 101 210
108 208 110 210
117 196 125 196
118 198 125 198
118 199 121 200
122 199 125 200
116 201 125 201
118 202 122 203
118 207 121 209
123 202 124 206
125 202 125 209
118 210 125 210
0 212 1 217
0 218 1 221
8 211 16 211
28 211 35 211
8 212 15 212
2 214 7 215
4 217 6 219
3 220 6 221
8 217 9 221
10 213 11 217
13 216 14 220
16 214 18 216
16 217 18 219
15 220 18 221
19 214 20 217
20 218 21 221
23 213 26 214
23 215 24 219
25 215 26 219
23 220 26 221
28 214 30 216
32 214 33 217
27 219 29 221
30 220 33 221
35 213 39 214
35 215 37 217
39 215 40 218
34 219 38 220
41 213 42 216
41 217 42 220
43 211 44 214
45 212 47 214
51 211 60 211
53 212 55 214
57 213 60 214
62 212 64 214
45 215 52 215
57 215 65 215
48 216 59 216
46 217 57 217
52 218 62 218
52 219 61 219
66 214 68 216
71 213 75 214
76 211 77 214
69 216 72 217
73 215 77 216
74 218 77 219
51 220 54 221
63 220 72 220
65 221 74 221
80 213 80 220
84 212 86 214
87 211 88 214
82 216 87 217
82 218 87 219
84 220 87 221
94 212 97 213
94 214 97 215
98 212 99 215
102 211 109 211
100 212 101 215
105 213 109 214
110 212 111 215
94 216 98 217
99 216 103 217
91 218 100 218
108 216 111 217
112 213 115 214
114 215 115 218
94 219 103 219
104 219 106 221
107 219 109 221
111 219 114 221
116 211 123 211
116 212 123 212
116 213 123 213
116 214 123 214
117 218 120 220
121 218 123 220
116 221 123 221
124 217 125 220
0 222 8 222
0 223 8 223
0 224 8 224
0 225 8 225
1 227 2 230
6 226 9 227
5 228 9 229
0 231 0 238
6 231 9 232
1 234 2 238
3 234 4 237
5 235 7 238
8 233 9 237
10 226 10 233
11 222 11 230
12 226 12 234
13 224 16 225
13 227 14 231
15 227 16 231
13 232 16 234
18 227 18 234
12 235 17 236
11 237 14 238
15 237 18 238
21 222 28 222
19 223 22 224
24 223 28 224
21 225 28 225
19 227 22 228
19 229 22 230
25 226 27 228
21 231 26 232
34 222 37 223
42 222 46 223
36 224 45 224
51 224 59 224
51 225 59 225
60 223 63 224
32 226 39 226
30 228 32 230
33 227 34 230
31 231 34 232
35 227 39 228
37 230 39 232
40 227 41 230
43 226 44 229
46 228 48 230
43 231 48 232
49 226 50 229
51 226 53 228
55 226 58 227
56 228 58 230
49 231 56 231
51 232 58 232
59 227 63 228
60 230 63 231
66 224 67 228
66 229 67 232
28 233 36 233
45 233 55 233
58 233 66 233
31 234 39 234
23 236 26 237
27 237 30 238
34 235 35 238
38 235 42 236
37 237 42 238
50 234 54 235
48 236 52 237
59 234 64 235
55 237 64 237
44 238 51 238
68 223 68 233
69 223 69 231
71 224 73 226
70 227 73 228
74 225 75 228
74 229 76 231
82 222 90 222
79 223 86 223
83 224 90 224
78 225 82 226
77 227 84 227
77 228 81 229
87 226 90 227
77 230 79 232
81 231 84 232
85 231 88 232
75 234 83 234
87 233 90 234
75 235 84 235
72 236 79 236
71 237 79 237
83 236 90 236
80 237 88 237
80 238 88 238
91 222 91 230
92 222 100 222
103 222 112 222
96 223 105 223
92 224 95 226
92 228 95 229
96 224 97 228
101 225 103 227
101 228 105 229
107 226 108 229
111 223 112 227
102 230 112 230
98 231 105 231
95 232 103 232
113 224 113 232
91 233 95 234
98 233 102 234
103 233 110 233
103 234 110 234
114 222 116 224
114 225 116 227
114 231 116 233
91 235 99 235
91 236 98 236
95 237 98 238
99 237 103 238
107 235 111 236
107 237 111 238
112 236 115 238
116 235 117 238
119 222 122 223
118 224 121 225
119 226 122 227
118 228 122 229
118 230 119 233
120 230 122 232
119 234 122 235
118 237 122 238
124 222 125 225
123 226 125 228
123 231 125 233
123 234 124 237
126 72 130 73
126 74 127 77
128 74 132 75
130 76 133 77
126 84 126 94
129 78 133 79
128 81 133 82
127 88 130 89
131 87 133 89
127 91 128 94
130 91 131 94
132 91 133 94
136 73 138 75
139 71 140 76
141 72 143 74
144 71 145 76
137 77 139 79
140 77 143 79
144 77 145 80
134 81 134 89
135 81 136 85
137 81 138 85
137 86 139 88
136 90 139 91
140 83 144 84
141 86 143 88
140 90 144 91
145 81 145 91
136 92 145 92
135 93 139 94
140 93 144 94
146 74 147 78
147 83 147 93
138 95 147 95
151 71 156 72
148 73 158 73
148 74 158 74
148 75 158 75
148 78 148 86
149 78 152 79
150 80 152 82
148 87 152 88
149 90 151 92
148 94 152 95
153 76 154 80
155 76 157 78
154 84 155 89
154 90 156 92
157 84 157 92
158 84 158 92
160 71 163 72
160 73 163 74
165 71 167 73
170 72 172 74
175 71 176 74
177 71 178 74
179 72 181 74
161 75 166 76
171 75 175 76
176 75 184 75
176 76 184 76
160 77 163 78
164 77 171 77
168 78 176 78
179 77 181 79
182 77 184 79
159 88 159 95
160 86 160 95
162 81 165 82
166 81 170 82
162 83 163 86
164 84 166 86
168 84 171 86
162 87 165 88
166 87 170 88
175 82 176 87
177 80 181 81
182 80 184 82
179 84 184 85
181 87 184 88
162 91 165 92
166 90 168 92
162 94 169 94
162 95 169 95
170 90 173 91
170 92 171 95
174 92 179 93
181 92 184 93
172 94 176 95
178 94 182 95
185 71 185 79
186 71 186 79
185 80 186 83
187 75 188 78
187 80 188 83
190 71 197 71
192 72 199 72
189 74 190 79
191 73 199 73
193 75 197 76
192 78 199 78
192 79 199 79
189 80 199 80
189 81 199 81
191 82 199 82
189 83 199 83
185 85 188 87
190 85 195 86
188 89 197 89
191 90 198 90
185 93 187 95
191 91 198 91
191 92 198 92
195 93 198 94
191 95 198 95
199 88 199 95
129 96 132 97
126 99 128 101
126 104 126 111
126 114 128 116
127 118 128 121
126 122 128 124
126 125 128 127
129 99 129 109
130 101 130 109
129 112 130 115
129 117 130 122
131 106 131 115
129 123 131 125
132 98 132 106
132 107 132 115
132 116 132 126
129 127 132 129
126 131 130 132
126 133 126 141
127 134 128 139
129 135 130 138
127 142 127 149
128 142 129 146
132 131 132 138
131 139 132 143
131 145 132 149
126 150 126 157
127 153 130 154
128 155 131 156
126 159 128 161
130 159 132 161
127 163 130 164
131 162 132 165
140 96 143 97
133 99 135 101
133 103 136 104
134 105 136 107
133 110 134 114
138 104 138 113
139 103 139 110
140 100 143 102
140 104 143 105
140 108 142 111
140 112 142 114
143 106 143 114
140 115 143 116
140 117 143 118
134 120 136 122
133 133 133 140
134 123 135 127
134 129 135 134
134 138 135 141
136 126 136 135
133 144 133 152
135 144 135 152
136 144 136 152
140 119 143 120
137 126 137 134
138 125 138 134
139 123 139 134
137 138 137 145
138 137 139 141
137 146 139 148
140 122 142 124
140 126 141 129
142 126 143 129
140 130 143 131
140 133 140 141
141 133 141 141
142 133 143 137
142 140 143 143
140 146 142 148
140 151 143 152
133 158 134 163
135 154 135 161
136 154 143 154
136 155 136 162
137 155 138 160
139 158 141 160
136 163 143 163
137 164 141 165
126 169 127 174
126 182 126 191
126 206 127 210
126 218 126 227
127 211 127 221
126 235 127 238
128 168 129 172
131 166 136 167
132 169 136 170
131 172 133 174
137 171 138 174
139 166 139 174
141 169 143 171
141 172 143 174
128 175 129 178
128 184 128 192
129 187 129 195
128 208 128 218
129 196 129 204
129 208 129 215
129 227 129 234
130 175 131 179
133 175 134 179
135 175 137 177
130 184 130 192
133 180 136 181
131 184 135 185
131 188 134 189
134 191 135 194
137 187 137 194
130 195 137 195
130 196 137 196
130 197 130 205
130 217 130 228
130 229 130 238
131 204 131 212
132 203 132 210
131 217 132 220
133 206 133 214
132 224 132 231
133 222 133 232
135 202 136 205
137 203 137 211
135 212 136 216
135 220 135 227
136 220 136 227
137 220 137 227
135 228 136 231
135 232 137 234
138 176 139 179
141 177 142 180
138 184 138 193
139 184 139 193
141 184 143 187
140 190 141 193
142 189 143 193
138 199 139 203
140 199 141 203
140 205 141 209
138 210 141 211
139 214 140 217
139 221 141 223
138 225 141 226
138 229 138 238
139 229 141 231
140 232 141 237
142 197 143 202
142 203 142 210
143 203 143 210
142 211 142 219
142 220 142 229
143 221 143 232
144 97 145 102
144 109 144 119
145 104 145 114
147 96 148 100
149 98 152 100
149 101 152 102
146 103 149 105
150 103 152 105
153 96 154 100
153 103 154 106
148 107 150 109
146 110 147 113
148 110 150 113
146 114 150 115
148 116 150 118
151 107 154 108
153 109 154 113
152 116 154 118
146 119 147 122
146 123 147 126
148 119 148 126
149 119 150 123
151 122 153 124
151 125 154 126
155 96 156 100
155 101 156 104
155 110 156 114
155 117 156 122
155 123 156 126
146 127 149 128
144 130 149 131
150 128 151 131
152 127 156 128
154 129 156 131
157 96 157 105
157 106 157 113
157 114 157 123
147 132 150 133
144 136 146 138
144 141 146 143
145 146 146 150
144 153 146 155
147 138 149 140
148 142 149 145
150 138 150 146
148 153 150 155
144 161 144 170
145 161 147 163
145 166 146 170
149 156 150 159
148 163 149 166
148 167 150 169
152 133 154 135
155 133 157 135
151 136 154 137
151 138 151 145
152 138 154 140
155 138 157 140
152 143 155 144
156 141 157 145
154 147 157 148
151 149 153 151
154 150 156 152
154 153 157 154
151 158 151 166
152 159 154 161
155 156 156 159
154 162 156 164
153 165 156 166
157 155 157 162
151 167 152 170
155 167 156 170
148 171 155 171
144 172 153 172
145 173 150 174
153 173 156 174
150 175 157 175
149 177 151 179
144 187 144 196
144 200 144 208
146 181 147 184
146 185 146 193
147 185 147 194
145 200 147 202
145 204 146 207
149 184 150 188
149 189 149 196
150 193 150 200
151 189 151 200
152 177 153 181
152 187 153 191
152 198 153 202
152 204 153 207
154 179 155 183
154 197 155 201
156 185 157 188
156 192 157 196
156 204 157 208
144 209 147 211
145 212 147 214
151 209 156 210
151 211 152 214
154 211 157 212
153 213 157 214
148 215 157 215
147 216 152 217
154 216 157 217
144 218 147 220
145 223 147 226
148 218 148 226
149 218 157 218
149 220 151 222
152 221 154 223
156 220 157 223
149 225 154 226
150 227 157 227
150 228 157 228
144 229 153 229
146 230 148 232
149 230 151 232
152 230 154 232
155 230 157 232
149 233 157 233
149 234 157 234
147 235 150 236
153 235 157 236
152 237 157 238
171 96 180 96
173 97 180 97
159 98 168 98
159 99 168 99
161 100 169 100
161 101 164 102
159 103 167 103
170 100 172 102
178 99 179 102
158 116 158 124
160 105 161 109
159 111 160 115
161 116 161 123
158 125 161 126
162 104 163 108
164 104 164 111
162 116 164 118
162 123 164 125
158 133 159 138
160 128 162 131
161 134 162 138
163 134 164 138
158 141 160 143
158 148 162 149
163 141 164 146
159 153 160 156
158 166 158 175
158 176 158 187
159 158 159 167
159 168 159 178
160 161 160 168
161 171 161 180
160 182 161 186
160 190 161 193
158 202 158 213
158 216 158 223
159 194 160 198
159 200 160 205
159 206 159 214
160 206 160 214
159 220 160 223
158 226 159 230
160 227 161 230
159 233 161 235
159 236 161 238
162 150 163 155
162 170 162 181
162 221 162 231
163 156 163 166
163 173 163 184
163 189 163 199
163 204 163 212
163 213 163 224
163 227 163 234
164 171 164 178
164 193 164 200
164 206 164 213
164 216 164 224
173 104 180 104
165 105 167 107
165 111 167 113
165 116 166 119
168 105 169 109
170 107 170 115
169 116 170 119
167 122 170 123
165 127 165 136
166 127 166 136
165 138 166 141
168 124 168 134
169 124 169 131
168 136 169 140
166 143 169 144
165 145 165 153
166 145 166 156
165 159 166 164
165 165 166 170
167 145 169 147
168 148 169 152
167 154 167 162
168 154 169 158
168 166 169 170
170 136 170 145
170 153 170 162
166 172 169 173
166 174 170 175
166 176 169 177
166 179 167 182
165 184 166 188
165 198 165 206
166 196 166 203
167 196 167 205
169 181 170 184
168 195 168 205
169 192 169 201
170 189 170 196
169 203 170 207
165 211 168 212
165 213 167 215
169 209 170 214
165 216 166 220
165 222 166 227
167 216 167 226
168 216 170 218
168 219 170 221
168 223 170 226
165 228 166 232
169 228 170 232
171 132 171 143
171 154 171 163
171 185 171 192
171 193 171 204
171 217 171 224
172 109 172 117
172 126 172 134
172 144 172 153
172 179 172 187
172 195 172 203
172 204 172 212
172 215 172 224
173 116 173 126
173 134 173 142
174 105 174 113
174 121 174 129
174 139 174 147
174 156 174 165
174 177 174 185
174 186 174 196
174 199 174 210
174 216 174 227
175 105 175 113
175 114 175 122
175 130 175 138
175 152 175 160
175 168 175 175
175 186 175 193
175 206 175 214
175 217 175 225
176 119 176 128
176 131 176 139
176 164 176 174
177 118 177 129
177 138 177 145
178 105 178 116
178 128 178 137
176 177 176 188
177 175 178 179
177 183 178 186
179 105 179 113
179 114 179 122
179 131 179 139
179 142 179 149
179 153 179 163
179 168 179 175
179 180 179 188
180 105 180 113
180 117 180 125
180 138 180 145
180 175 180 182
176 189 176 196
177 190 178 194
179 192 180 195
176 202 176 211
176 218 176 228
177 213 177 221
178 197 180 200
178 201 179 205
178 208 180 210
179 211 180 215
178 216 180 218
178 219 180 221
178 223 180 225
171 230 172 233
173 230 174 233
175 229 178 231
173 234 180 234
166 235 174 235
166 236 174 236
169 237 172 238
177 236 180 237
182 100 184 102
181 104 183 106
185 96 187 98
185 102 187 104
188 100 189 104
190 96 190 104
181 107 182 111
183 108 185 110
188 107 190 109
181 112 190 112
181 113 190 113
181 114 190 114
184 117 187 118
188 115 189 118
183 119 190 119
181 120 188 120
183 121 185 123
186 121 188 123
181 124 188 124
181 125 188 125
181 126 185 127
183 128 185 130
187 128 188 131
189 120 190 124
181 137 182 141
181 142 182 146
184 133 187 135
188 132 189 136
183 138 184 142
185 142 186 146
187 138 187 146
188 139 188 146
190 132 190 140
183 147 190 147
181 149 183 151
181 152 181 162
182 157 182 165
183 156 183 165
181 168 183 170
181 180 181 188
182 173 182 184
181 195 182 198
181 201 181 209
183 171 183 178
183 194 183 202
181 211 181 219
181 220 181 228
183 211 183 219
183 220 183 228
183 231 183 238
184 148 184 159
184 199 184 208
185 185 185 192
185 193 185 201
184 209 185 212
184 215 184 223
185 215 185 223
186 148 186 156
186 161 186 172
186 173 186 184
186 194 186 201
185 226 186 229
184 230 185 234
187 158 187 165
188 158 188 166
189 154 189 164
187 168 190 169
187 171 187 180
188 171 188 178
189 173 189 181
190 173 190 181
188 186 189 189
187 192 188 196
189 190 190 194
187 199 187 207
189 200 190 203
188 204 188 211
189 206 190 211
187 212 189 214
187 218 187 226
188 217 189 220
188 222 189 225
188 227 190 229
189 231 190 234
187 237 190 238
191 102 191 110
194 96 196 98
192 99 192 107
193 106 194 110
195 101 196 104
193 111 196 112
192 113 196 114
194 115 196 117
191 119 195 120
191 124 195 125
191 126 191 136
194 126 194 134
195 126 196 130
192 138 196 139
197 98 197 107
197 124 197 132
198 103 198 112
199 103 199 112
199 129 199 138
191 172 191 182
191 199 191 208
192 155 192 163
192 164 192 173
192 199 192 206
194 143 197 144
193 146 197 147
193 148 197 149
193 150 193 158
195 151 196 155
194 157 197 158
193 159 194 164
193 176 193 185
193 196 193 204
194 189 194 198
195 162 195 173
196 168 196 179
195 180 195 188
197 180 197 187
195 190 196 193
195 194 197 196
196 201 197 205
198 149 198 158
198 195 198 202
199 159 199 166
199 176 199 183
199 190 199 198
192 207 199 207
192 208 199 208
193 209 197 210
191 213 192 216
196 212 199 213
194 215 199 216
191 217 192 221
191 228 193 230
196 218 197 221
198 217 199 220
196 223 198 225
195 226 196 229
197 227 199 229
192 231 194 233
196 235 198 238
3 240 8 241
9 240 12 241
0 242 0 249
1 242 11 242
3 243 11 243
1 244 2 247
3 245 5 247
1 248 4 249
8 244 12 245
8 246 12 247
15 239 18 240
16 241 18 243
16 245 18 247
19 242 20 245
22 242 23 245
20 246 23 247
20 248 23 249
24 242 24 249
25 242 26 246
27 239 28 242
27 245 29 247
30 243 31 248
32 239 32 246
33 239 35 241
37 240 42 241
40 242 42 245
44 241 46 243
43 244 46 245
38 246 46 246
34 247 42 247
34 248 42 248
43 247 46 248
38 249 46 249
47 240 48 244
50 240 52 242
54 240 55 245
56 239 57 243
49 246 57 246
58 240 59 243
58 244 60 246
61 242 62 245
63 241 64 245
65 239 66 244
61 246 68 246
69 239 70 243
71 241 76 242
74 244 76 246
47 247 55 247
48 248 52 249
60 248 63 249
64 248 68 249
71 247 74 248
77 239 78 243
81 239 82 242
80 245 82 247
84 239 87 240
84 241 87 242
88 240 90 242
94 239 99 240
93 242 101 242
102 239 105 240
106 239 114 239
115 239 119 240
130 239 137 239
124 240 134 240
140 239 143 240
151 240 159 240
160 239 164 240
165 239 173 239
165 240 173 240
174 239 178 240
181 239 185 240
190 239 197 239
192 240 199 240
103 241 107 242
108 241 116 241
108 242 118 242
126 241 133 241
146 241 153 241
137 242 146 242
161 241 168 241
161 242 168 242
171 241 175 242
185 241 190 242
191 241 198 241
100 243 108 243
115 243 124 243
125 243 135 243
83 244 84 247
85 244 89 245
87 247 90 248
92 247 96 248
101 244 103 246
107 245 110 246
101 247 109 247
102 248 109 248
115 244 118 245
115 246 118 247
112 248 115 249
129 244 131 246
132 244 134 246
136 244 137 248
141 245 144 247
145 245 147 247
134 249 142 249
151 244 152 249
153 245 154 249
155 244 160 245
155 246 157 248
158 247 160 249
161 244 163 246
161 247 163 249
164 244 168 245
172 244 175 245
165 247 172 247
168 248 172 249
177 246 178 249
180 244 182 246
180 248 183 249
184 246 185 249
186 245 187 249
188 244 189 248
191 243 192 248
194 246 195 249
196 245 199 246
196 248 199 249
