4542
0 0 0 7
0 10 0 17
0 18 0 25
0 37 0 44
0 48 0 55
0 62 0 69
0 70 0 77
0 79 0 86
0 90 0 97
0 100 0 107
0 119 0 126
0 128 0 135
0 136 0 143
0 144 0 151
0 157 0 164
0 166 0 173
0 179 0 186
0 191 0 198
0 199 0 206
0 208 0 215
0 224 0 231
0 233 0 240
0 242 0 249
1 3 1 10
1 18 1 25
1 26 1 33
1 35 1 42
1 43 1 50
1 54 1 61
1 62 1 69
1 81 1 88
1 93 1 100
1 101 1 108
1 109 1 116
1 121 1 128
1 134 1 141
1 147 1 154
1 158 1 165
1 171 1 178
1 182 1 189
1 202 1 209
1 214 1 221
1 229 1 236
2 12 2 19
2 23 2 30
2 36 2 43
2 54 2 61
2 71 2 78
2 79 2 86
2 89 2 96
2 97 2 104
2 105 2 112
2 123 2 130
2 135 2 142
2 157 2 164
2 166 2 173
2 175 2 182
2 185 2 192
2 198 2 205
2 208 2 215
2 217 2 224
2 226 2 233
2 234 2 241
2 242 2 249
3 2 3 9
3 15 3 22
3 24 3 31
3 44 3 51
3 53 3 60
3 61 3 68
3 80 3 87
3 95 3 102
3 107 3 114
3 115 3 122
3 132 3 139
3 143 3 150
3 158 3 165
3 173 3 180
3 188 3 195
3 213 3 220
3 229 3 236
4 1 4 8
4 9 4 16
4 35 4 42
4 49 4 56
4 60 4 67
4 75 4 82
4 89 4 96
4 107 4 114
4 124 4 131
4 133 4 140
4 144 4 151
4 173 4 180
4 187 4 194
4 198 4 205
4 207 4 214
4 216 4 223
4 231 4 238
4 241 4 248
5 3 5 10
5 25 5 32
5 37 5 44
5 53 5 60
5 64 5 71
5 73 5 80
5 87 5 94
5 95 5 102
5 110 5 117
5 124 5 131
5 133 5 140
5 141 5 148
5 152 5 159
5 163 5 170
5 172 5 179
5 185 5 192
5 193 5 200
5 206 5 213
5 214 5 221
5 227 5 234
5 235 5 242
6 1 6 8
6 14 6 21
6 29 6 36
6 38 6 45
6 49 6 56
6 76 6 83
6 84 6 91
6 92 6 99
6 113 6 120
6 126 6 133
6 145 6 152
6 153 6 160
6 162 6 169
6 170 6 177
6 182 6 189
6 190 6 197
6 198 6 205
6 207 6 214
6 231 6 238
6 242 6 249
7 1 7 8
7 11 7 18
7 21 7 28
7 31 7 38
7 39 7 46
7 48 7 55
7 57 7 64
7 74 7 81
7 86 7 93
7 99 7 106
7 109 7 116
7 118 7 125
7 126 7 133
7 136 7 143
7 144 7 151
7 152 7 159
7 160 7 167
7 169 7 176
7 177 7 184
7 204 7 211
7 212 7 219
7 222 7 229
7 232 7 239
7 242 7 249
8 0 8 7
8 9 8 16
8 17 8 24
8 28 8 35
8 46 8 53
8 55 8 62
8 65 8 72
8 83 8 90
8 91 8 98
8 107 8 114
8 115 8 122
8 126 8 133
8 135 8 142
8 146 8 153
8 154 8 161
8 163 8 170
8 174 8 181
8 182 8 189
8 192 8 199
8 202 8 209
8 213 8 220
8 235 8 242
9 5 9 12
9 13 9 20
9 21 9 28
9 29 9 36
9 41 9 48
9 51 9 58
9 73 9 80
9 85 9 92
9 104 9 111
9 112 9 119
9 123 9 130
9 136 9 143
9 149 9 156
9 159 9 166
9 175 9 182
9 188 9 195
9 196 9 203
9 206 9 213
9 218 9 225
9 230 9 237
10 0 10 7
10 8 10 15
10 16 10 23
10 28 10 35
10 41 10 48
10 55 10 62
10 64 10 71
10 75 10 82
10 83 10 90
10 91 10 98
10 101 10 108
10 115 10 122
10 132 10 139
10 145 10 152
10 160 10 167
10 180 10 187
10 197 10 204
10 206 10 213
10 219 10 226
10 227 10 234
10 236 10 243
11 5 11 12
11 18 11 25
11 28 11 35
11 41 11 48
11 51 11 58
11 63 11 70
11 72 11 79
11 80 11 87
11 91 11 98
11 112 11 119
11 123 11 130
11 141 11 148
11 162 11 169
11 172 11 179
11 186 11 193
11 203 11 210
11 221 11 228
11 229 11 236
11 240 11 247
12 0 12 7
12 8 12 15
12 16 12 23
12 27 12 34
12 61 12 68
12 72 12 79
12 87 12 94
12 98 12 105
12 106 12 113
12 118 12 125
12 128 12 135
12 136 12 143
12 145 12 152
12 153 12 160
12 163 12 170
12 171 12 178
12 179 12 186
12 188 12 195
12 200 12 207
12 210 12 217
12 220 12 227
12 228 12 235
13 0 13 7
13 16 13 23
13 24 13 31
13 33 13 40
13 41 13 48
13 51 13 58
13 60 13 67
13 68 13 75
13 79 13 86
13 89 13 96
13 97 13 104
13 105 13 112
13 113 13 120
13 121 13 128
13 132 13 139
13 152 13 159
13 174 13 181
13 182 13 189
13 190 13 197
13 198 13 205
13 206 13 213
13 218 13 225
13 228 13 235
13 241 13 248
14 13 14 20
14 24 14 31
14 32 14 39
14 40 14 47
14 48 14 55
14 62 14 69
14 72 14 79
14 85 14 92
14 107 14 114
14 120 14 127
14 128 14 135
14 149 14 156
14 166 14 173
14 182 14 189
14 203 14 210
14 223 14 230
14 233 14 240
15 7 15 14
15 22 15 29
15 32 15 39
15 55 15 62
15 69 15 76
15 77 15 84
15 95 15 102
15 103 15 110
15 116 15 123
15 126 15 133
15 144 15 151
15 160 15 167
15 176 15 183
15 202 15 209
15 210 15 217
15 218 15 225
15 227 15 234
16 8 16 15
16 16 16 23
16 25 16 32
16 34 16 41
16 44 16 51
16 57 16 64
16 65 16 72
16 77 16 84
16 87 16 94
16 101 16 108
16 109 16 116
16 123 16 130
16 136 16 143
16 147 16 154
16 155 16 162
16 165 16 172
16 183 16 190
16 191 16 198
16 201 16 208
16 210 16 217
16 234 16 241
17 1 17 8
17 9 17 16
17 17 17 24
17 25 17 32
17 39 17 46
17 47 17 54
17 66 17 73
17 74 17 81
17 90 17 97
17 100 17 107
17 121 17 128
17 129 17 136
17 152 17 159
17 160 17 167
17 168 17 175
17 176 17 183
17 187 17 194
17 205 17 212
17 218 17 225
17 233 17 240
18 8 18 15
18 18 18 25
18 27 18 34
18 35 18 42
18 44 18 51
18 52 18 59
18 60 18 67
18 76 18 83
18 84 18 91
18 94 18 101
18 103 18 110
18 112 18 119
18 127 18 134
18 138 18 145
18 149 18 156
18 165 18 172
18 173 18 180
18 184 18 191
18 195 18 202
18 203 18 210
18 212 18 219
18 220 18 227
18 228 18 235
18 237 18 244
19 5 19 12
19 16 19 23
19 24 19 31
19 33 19 40
19 46 19 53
19 57 19 64
19 65 19 72
19 77 19 84
19 86 19 93
19 102 19 109
19 119 19 126
19 128 19 135
19 136 19 143
19 145 19 152
19 156 19 163
19 168 19 175
19 181 19 188
19 190 19 197
19 200 19 207
19 215 19 222
19 226 19 233
20 3 20 10
20 14 20 21
20 23 20 30
20 31 20 38
20 44 20 51
20 53 20 60
20 65 20 72
20 75 20 82
20 83 20 90
20 101 20 108
20 109 20 116
20 139 20 146
20 154 20 161
20 163 20 170
20 171 20 178
20 179 20 186
20 190 20 197
20 204 20 211
20 213 20 220
20 223 20 230
20 232 20 239
21 4 21 11
21 13 21 20
21 29 21 36
21 38 21 45
21 49 21 56
21 60 21 67
21 68 21 75
21 77 21 84
21 85 21 92
21 95 21 102
21 108 21 115
21 120 21 127
21 131 21 138
21 139 21 146
21 153 21 160
21 167 21 174
21 179 21 186
21 197 21 204
21 218 21 225
21 226 21 233
22 8 22 15
22 16 22 23
22 24 22 31
22 32 22 39
22 40 22 47
22 48 22 55
22 65 22 72
22 82 22 89
22 90 22 97
22 102 22 109
22 111 22 118
22 120 22 127
22 128 22 135
22 136 22 143
22 144 22 151
22 153 22 160
22 161 22 168
22 173 22 180
22 186 22 193
22 208 22 215
22 216 22 223
22 224 22 231
22 232 22 239
22 241 22 248
23 1 23 8
23 13 23 20
23 24 23 31
23 40 23 47
23 52 23 59
23 61 23 68
23 73 23 80
23 81 23 88
23 95 23 102
23 103 23 110
23 129 23 136
23 142 23 149
23 150 23 157
23 160 23 167
23 175 23 182
23 184 23 191
23 192 23 199
23 200 23 207
23 208 23 215
23 216 23 223
23 226 23 233
23 237 23 244
24 2 24 9
24 17 24 24
24 26 24 33
24 36 24 43
24 49 24 56
24 58 24 65
24 68 24 75
24 76 24 83
24 85 24 92
24 93 24 100
24 101 24 108
24 114 24 121
24 125 24 132
24 143 24 150
24 159 24 166
24 178 24 185
24 186 24 193
24 194 24 201
24 206 24 213
24 220 24 227
24 239 24 246
25 0 25 7
25 9 25 16
25 17 25 24
25 25 25 32
25 38 25 45
25 49 25 56
25 65 25 72
25 77 25 84
25 95 25 102
25 103 25 110
25 111 25 118
25 122 25 129
25 140 25 147
25 160 25 167
25 168 25 175
25 183 25 190
25 197 25 204
25 205 25 212
25 221 25 228
25 238 25 245
26 0 26 7
26 8 26 15
26 27 26 34
26 38 26 45
26 49 26 56
26 57 26 64
26 65 26 72
26 75 26 82
26 90 26 97
26 100 26 107
26 127 26 134
26 140 26 147
26 149 26 156
26 158 26 165
26 174 26 181
26 186 26 193
26 207 26 214
26 217 26 224
26 228 26 235
26 236 26 243
27 2 27 9
27 17 27 24
27 37 27 44
27 60 27 67
27 78 27 85
27 105 27 112
27 113 27 120
27 123 27 130
27 131 27 138
27 141 27 148
27 159 27 166
27 167 27 174
27 181 27 188
27 197 27 204
27 205 27 212
27 218 27 225
27 228 27 235
28 0 28 7
28 8 28 15
28 20 28 27
28 28 28 35
28 45 28 52
28 55 28 62
28 65 28 72
28 73 28 80
28 91 28 98
28 100 28 107
28 108 28 115
28 138 28 145
28 152 28 159
28 162 28 169
28 175 28 182
28 187 28 194
28 195 28 202
28 207 28 214
28 231 28 238
29 4 29 11
29 15 29 22
29 37 29 44
29 62 29 69
29 73 29 80
29 81 29 88
29 90 29 97
29 100 29 107
29 108 29 115
29 116 29 123
29 128 29 135
29 139 29 146
29 147 29 154
29 157 29 164
29 169 29 176
29 186 29 193
29 194 29 201
29 202 29 209
29 213 29 220
29 221 29 228
29 234 29 241
29 242 29 249
30 0 30 7
30 8 30 15
30 31 30 38
30 45 30 52
30 55 30 62
30 63 30 70
30 76 30 83
30 84 30 91
30 92 30 99
30 108 30 115
30 116 30 123
30 142 30 149
30 150 30 157
30 168 30 175
30 177 30 184
30 186 30 193
30 194 30 201
30 202 30 209
30 214 30 221
30 235 30 242
31 0 31 7
31 8 31 15
31 34 31 41
31 53 31 60
31 70 31 77
31 78 31 85
31 89 31 96
31 99 31 106
31 110 31 117
31 130 31 137
31 144 31 151
31 157 31 164
31 165 31 172
31 173 31 180
31 194 31 201
31 205 31 212
31 213 31 220
31 221 31 228
31 232 31 239
32 0 32 7
32 11 32 18
32 22 32 29
32 32 32 39
32 48 32 55
32 56 32 63
32 65 32 72
32 77 32 84
32 85 32 92
32 93 32 100
32 101 32 108
32 123 32 130
32 134 32 141
32 145 32 152
32 153 32 160
32 166 32 173
32 179 32 186
32 196 32 203
32 207 32 214
32 224 32 231
32 234 32 241
33 5 33 12
33 13 33 20
33 21 33 28
33 39 33 46
33 47 33 54
33 67 33 74
33 76 33 83
33 89 33 96
33 97 33 104
33 122 33 129
33 143 33 150
33 151 33 158
33 168 33 175
33 176 33 183
33 212 33 219
33 224 33 231
33 232 33 239
34 29 34 36
34 39 34 46
34 49 34 56
34 57 34 64
34 72 34 79
34 112 34 119
34 120 34 127
34 135 34 142
34 151 34 158
34 169 34 176
34 177 34 184
34 192 34 199
34 201 34 208
34 210 34 217
34 232 34 239
35 5 35 12
35 15 35 22
35 23 35 30
35 40 35 47
35 52 35 59
35 62 35 69
35 74 35 81
35 85 35 92
35 93 35 100
35 105 35 112
35 113 35 120
35 126 35 133
35 138 35 145
35 146 35 153
35 156 35 163
35 165 35 172
35 173 35 180
35 188 35 195
35 197 35 204
35 205 35 212
35 214 35 221
35 224 35 231
35 234 35 241
36 0 36 7
36 16 36 23
36 24 36 31
36 34 36 41
36 51 36 58
36 59 36 66
36 73 36 80
36 85 36 92
36 93 36 100
36 111 36 118
36 120 36 127
36 128 36 135
36 139 36 146
36 151 36 158
36 160 36 167
36 173 36 180
36 189 36 196
36 197 36 204
36 212 36 219
36 228 36 235
36 240 36 247
37 15 37 22
37 27 37 34
37 36 37 43
37 45 37 52
37 58 37 65
37 74 37 81
37 82 37 89
37 90 37 97
37 105 37 112
37 114 37 121
37 122 37 129
37 134 37 141
37 144 37 151
37 161 37 168
37 170 37 177
37 187 37 194
37 196 37 203
37 204 37 211
37 212 37 219
37 226 37 233
37 234 37 241
38 3 38 10
38 11 38 18
38 25 38 32
38 35 38 42
38 43 38 50
38 51 38 58
38 64 38 71
38 73 38 80
38 87 38 94
38 96 38 103
38 116 38 123
38 129 38 136
38 142 38 149
38 154 38 161
38 173 38 180
38 183 38 190
38 191 38 198
38 210 38 217
38 233 38 240
38 241 38 248
39 9 39 16
39 17 39 24
39 27 39 34
39 40 39 47
39 50 39 57
39 65 39 72
39 80 39 87
39 88 39 95
39 97 39 104
39 105 39 112
39 113 39 120
39 121 39 128
39 136 39 143
39 145 39 152
39 154 39 161
39 169 39 176
39 178 39 185
39 186 39 193
39 198 39 205
39 214 39 221
39 227 39 234
39 238 39 245
40 7 40 14
40 15 40 22
40 28 40 35
40 41 40 48
40 49 40 56
40 66 40 73
40 81 40 88
40 89 40 96
40 116 40 123
40 127 40 134
40 143 40 150
40 151 40 158
40 161 40 168
40 172 40 179
40 182 40 189
40 190 40 197
40 198 40 205
40 210 40 217
40 219 40 226
40 236 40 243
41 2 41 9
41 15 41 22
41 23 41 30
41 32 41 39
41 40 41 47
41 49 41 56
41 72 41 79
41 81 41 88
41 89 41 96
41 99 41 106
41 108 41 115
41 120 41 127
41 146 41 153
41 154 41 161
41 175 41 182
41 183 41 190
41 193 41 200
41 217 41 224
41 226 41 233
41 235 41 242
42 2 42 9
42 21 42 28
42 29 42 36
42 44 42 51
42 53 42 60
42 61 42 68
42 73 42 80
42 90 42 97
42 101 42 108
42 114 42 121
42 128 42 135
42 139 42 146
42 147 42 154
42 157 42 164
42 167 42 174
42 184 42 191
42 193 42 200
42 201 42 208
42 215 42 222
42 223 42 230
42 234 42 241
43 5 43 12
43 28 43 35
43 39 43 46
43 47 43 54
43 55 43 62
43 74 43 81
43 85 43 92
43 93 43 100
43 101 43 108
43 109 43 116
43 124 43 131
43 132 43 139
43 144 43 151
43 155 43 162
43 179 43 186
43 200 43 207
43 221 43 228
43 237 43 244
44 4 44 11
44 16 44 23
44 25 44 32
44 35 44 42
44 45 44 52
44 53 44 60
44 67 44 74
44 85 44 92
44 93 44 100
44 104 44 111
44 112 44 119
44 121 44 128
44 132 44 139
44 147 44 154
44 162 44 169
44 170 44 177
44 181 44 188
44 190 44 197
44 198 44 205
44 206 44 213
44 215 44 222
44 225 44 232
44 239 44 246
45 3 45 10
45 11 45 18
45 19 45 26
45 28 45 35
45 36 45 43
45 48 45 55
45 57 45 64
45 71 45 78
45 86 45 93
45 97 45 104
45 114 45 121
45 124 45 131
45 134 45 141
45 149 45 156
45 157 45 164
45 165 45 172
45 179 45 186
45 187 45 194
45 197 45 204
45 206 45 213
45 217 45 224
45 225 45 232
46 7 46 14
46 22 46 29
46 32 46 39
46 61 46 68
46 71 46 78
46 90 46 97
46 115 46 122
46 124 46 131
46 136 46 143
46 145 46 152
46 153 46 160
46 167 46 174
46 179 46 186
46 187 46 194
46 198 46 205
46 207 46 214
46 219 46 226
46 227 46 234
46 242 46 249
47 0 47 7
47 8 47 15
47 16 47 23
47 25 47 32
47 39 47 46
47 51 47 58
47 64 47 71
47 72 47 79
47 85 47 92
47 99 47 106
47 107 47 114
47 116 47 123
47 126 47 133
47 140 47 147
47 148 47 155
47 160 47 167
47 168 47 175
47 184 47 191
47 193 47 200
47 213 47 220
47 221 47 228
48 21 48 28
48 29 48 36
48 37 48 44
48 46 48 53
48 54 48 61
48 70 48 77
48 85 48 92
48 93 48 100
48 103 48 110
48 119 48 126
48 131 48 138
48 144 48 151
48 152 48 159
48 179 48 186
48 192 48 199
48 200 48 207
48 212 48 219
48 220 48 227
48 228 48 235
48 236 48 243
49 0 49 7
49 10 49 17
49 19 49 26
49 28 49 35
49 42 49 49
49 55 49 62
49 72 49 79
49 87 49 94
49 95 49 102
49 105 49 112
49 118 49 125
49 129 49 136
49 139 49 146
49 147 49 154
49 159 49 166
49 167 49 174
49 175 49 182
49 191 49 198
49 199 49 206
49 211 49 218
49 230 49 237
49 238 49 245
50 14 50 21
50 22 50 29
50 31 50 38
50 40 50 47
50 53 50 60
50 63 50 70
50 71 50 78
50 79 50 86
50 95 50 102
50 103 50 110
50 114 50 121
50 129 50 136
50 137 50 144
50 149 50 156
50 157 50 164
50 169 50 176
50 179 50 186
50 188 50 195
50 198 50 205
50 206 50 213
50 218 50 225
50 229 50 236
50 237 50 244
51 0 51 7
51 16 51 23
51 24 51 31
51 33 51 40
51 48 51 55
51 65 51 72
51 82 51 89
51 91 51 98
51 102 51 109
51 110 51 117
51 121 51 128
51 129 51 136
51 145 51 152
51 157 51 164
51 169 51 176
51 177 51 184
51 186 51 193
51 194 51 201
51 202 51 209
51 210 51 217
51 221 51 228
51 229 51 236
51 238 51 245
52 2 52 9
52 15 52 22
52 27 52 34
52 44 52 51
52 54 52 61
52 62 52 69
52 74 52 81
52 88 52 95
52 99 52 106
52 115 52 122
52 139 52 146
52 150 52 157
52 158 52 165
52 197 52 204
52 205 52 212
52 219 52 226
53 3 53 10
53 12 53 19
53 20 53 27
53 28 53 35
53 36 53 43
53 53 53 60
53 63 53 70
53 71 53 78
53 79 53 86
53 88 53 95
53 98 53 105
53 111 53 118
53 119 53 126
53 128 53 135
53 139 53 146
53 147 53 154
53 162 53 169
53 172 53 179
53 180 53 187
53 190 53 197
53 201 53 208
53 210 53 217
53 218 53 225
53 231 53 238
53 239 53 246
54 2 54 9
54 17 54 24
54 26 54 33
54 34 54 41
54 43 54 50
54 70 54 77
54 78 54 85
54 88 54 95
54 100 54 107
54 116 54 123
54 126 54 133
54 142 54 149
54 153 54 160
54 161 54 168
54 169 54 176
54 189 54 196
54 208 54 215
54 222 54 229
54 238 54 245
55 1 55 8
55 27 55 34
55 36 55 43
55 50 55 57
55 66 55 73
55 88 55 95
55 101 55 108
55 126 55 133
55 143 55 150
55 151 55 158
55 159 55 166
55 167 55 174
55 178 55 185
55 192 55 199
55 209 55 216
55 220 55 227
55 239 55 246
56 0 56 7
56 10 56 17
56 33 56 40
56 45 56 52
56 59 56 66
56 74 56 81
56 82 56 89
56 90 56 97
56 100 56 107
56 112 56 119
56 121 56 128
56 139 56 146
56 148 56 155
56 158 56 165
56 169 56 176
56 178 56 185
56 186 56 193
56 209 56 216
56 223 56 230
56 237 56 244
57 2 57 9
57 10 57 17
57 24 57 31
57 32 57 39
57 52 57 59
57 65 57 72
57 74 57 81
57 83 57 90
57 91 57 98
57 111 57 118
57 119 57 126
57 129 57 136
57 147 57 154
57 164 57 171
57 173 57 180
57 181 57 188
57 190 57 197
57 202 57 209
57 230 57 237
57 241 57 248
58 13 58 20
58 25 58 32
58 35 58 42
58 43 58 50
58 56 58 63
58 64 58 71
58 73 58 80
58 82 58 89
58 93 58 100
58 101 58 108
58 113 58 120
58 125 58 132
58 152 58 159
58 161 58 168
58 169 58 176
58 177 58 184
58 185 58 192
58 193 58 200
58 203 58 210
58 211 58 218
58 220 58 227
58 228 58 235
58 238 58 245
59 0 59 7
59 8 59 15
59 23 59 30
59 31 59 38
59 46 59 53
59 55 59 62
59 88 59 95
59 98 59 105
59 106 59 113
59 114 59 121
59 131 59 138
59 143 59 150
59 163 59 170
59 173 59 180
59 187 59 194
59 235 59 242
60 9 60 16
60 22 60 29
60 44 60 51
60 65 60 72
60 73 60 80
60 103 60 110
60 122 60 129
60 133 60 140
60 149 60 156
60 157 60 164
60 173 60 180
60 193 60 200
60 207 60 214
60 221 60 228
60 230 60 237
60 238 60 245
61 3 61 10
61 11 61 18
61 20 61 27
61 41 61 48
61 51 61 58
61 61 61 68
61 89 61 96
61 97 61 104
61 107 61 114
61 119 61 126
61 132 61 139
61 143 61 150
61 154 61 161
61 164 61 171
61 172 61 179
61 184 61 191
61 192 61 199
61 200 61 207
61 208 61 215
61 219 61 226
61 227 61 234
61 238 61 245
62 1 62 8
62 9 62 16
62 21 62 28
62 29 62 36
62 37 62 44
62 46 62 53
62 54 62 61
62 62 62 69
62 84 62 91
62 92 62 99
62 103 62 110
62 111 62 118
62 135 62 142
62 143 62 150
62 152 62 159
62 162 62 169
62 176 62 183
62 184 62 191
62 204 62 211
62 213 62 220
62 224 62 231
62 235 62 242
63 12 63 19
63 24 63 31
63 33 63 40
63 43 63 50
63 51 63 58
63 59 63 66
63 73 63 80
63 88 63 95
63 103 63 110
63 113 63 120
63 121 63 128
63 129 63 136
63 146 63 153
63 154 63 161
63 169 63 176
63 185 63 192
63 204 63 211
63 213 63 220
63 224 63 231
63 232 63 239
63 242 63 249
64 16 64 23
64 31 64 38
64 40 64 47
64 49 64 56
64 57 64 64
64 89 64 96
64 97 64 104
64 110 64 117
64 129 64 136
64 137 64 144
64 145 64 152
64 161 64 168
64 174 64 181
64 192 64 199
64 200 64 207
64 216 64 223
64 241 64 248
65 6 65 13
65 25 65 32
65 36 65 43
65 50 65 57
65 58 65 65
65 69 65 76
65 77 65 84
65 91 65 98
65 102 65 109
65 110 65 117
65 122 65 129
65 130 65 137
65 138 65 145
65 146 65 153
65 158 65 165
65 168 65 175
65 181 65 188
65 189 65 196
65 198 65 205
65 210 65 217
65 222 65 229
65 230 65 237
65 238 65 245
66 16 66 23
66 25 66 32
66 33 66 40
66 57 66 64
66 71 66 78
66 82 66 89
66 96 66 103
66 105 66 112
66 113 66 120
66 121 66 128
66 129 66 136
66 139 66 146
66 147 66 154
66 155 66 162
66 166 66 173
66 183 66 190
66 205 66 212
66 216 66 223
66 228 66 235
66 241 66 248
67 3 67 10
67 14 67 21
67 25 67 32
67 33 67 40
67 47 67 54
67 58 67 65
67 67 67 74
67 80 67 87
67 89 67 96
67 99 67 106
67 107 67 114
67 116 67 123
67 128 67 135
67 139 67 146
67 148 67 155
67 156 67 163
67 169 67 176
67 187 67 194
67 200 67 207
67 208 67 215
67 216 67 223
67 230 67 237
67 238 67 245
68 1 68 8
68 10 68 17
68 24 68 31
68 41 68 48
68 49 68 56
68 58 68 65
68 66 68 73
68 74 68 81
68 97 68 104
68 106 68 113
68 114 68 121
68 124 68 131
68 137 68 144
68 149 68 156
68 164 68 171
68 181 68 188
68 190 68 197
68 198 68 205
68 210 68 217
68 225 68 232
68 236 68 243
69 1 69 8
69 19 69 26
69 33 69 40
69 41 69 48
69 49 69 56
69 57 69 64
69 71 69 78
69 80 69 87
69 105 69 112
69 120 69 127
69 131 69 138
69 144 69 151
69 152 69 159
69 160 69 167
69 168 69 175
69 177 69 184
69 192 69 199
69 200 69 207
69 208 69 215
69 220 69 227
69 229 69 236
69 238 69 245
70 0 70 7
70 8 70 15
70 18 70 25
70 29 70 36
70 39 70 46
70 52 70 59
70 64 70 71
70 81 70 88
70 91 70 98
70 99 70 106
70 111 70 118
70 123 70 130
70 133 70 140
70 141 70 148
70 167 70 174
70 180 70 187
70 188 70 195
70 203 70 210
70 212 70 219
70 220 70 227
70 242 70 249
71 4 71 11
71 12 71 19
71 31 71 38
71 39 71 46
71 47 71 54
71 61 71 68
71 69 71 76
71 79 71 86
71 88 71 95
71 103 71 110
71 111 71 118
71 121 71 128
71 132 71 139
71 142 71 149
71 156 71 163
71 169 71 176
71 184 71 191
71 193 71 200
71 209 71 216
71 222 71 229
71 235 71 242
72 4 72 11
72 14 72 21
72 22 72 29
72 31 72 38
72 48 72 55
72 64 72 71
72 73 72 80
72 81 72 88
72 98 72 105
72 115 72 122
72 127 72 134
72 140 72 147
72 164 72 171
72 172 72 179
72 180 72 187
72 190 72 197
72 199 72 206
72 210 72 217
72 219 72 226
72 234 72 241
72 242 72 249
73 5 73 12
73 13 73 20
73 22 73 29
73 31 73 38
73 45 73 52
73 56 73 63
73 71 73 78
73 87 73 94
73 100 73 107
73 108 73 115
73 117 73 124
73 129 73 136
73 137 73 144
73 169 73 176
73 177 73 184
73 186 73 193
73 195 73 202
73 204 73 211
73 216 73 223
73 225 73 232
73 237 73 244
74 5 74 12
74 13 74 20
74 21 74 28
74 29 74 36
74 37 74 44
74 45 74 52
74 60 74 67
74 68 74 75
74 77 74 84
74 85 74 92
74 100 74 107
74 111 74 118
74 124 74 131
74 137 74 144
74 153 74 160
74 163 74 170
74 173 74 180
74 181 74 188
74 191 74 198
74 200 74 207
74 208 74 215
74 228 74 235
74 236 74 243
75 2 75 9
75 27 75 34
75 42 75 49
75 50 75 57
75 74 75 81
75 98 75 105
75 112 75 119
75 127 75 134
75 136 75 143
75 159 75 166
75 176 75 183
75 188 75 195
75 200 75 207
75 210 75 217
75 227 75 234
75 235 75 242
76 2 76 9
76 15 76 22
76 27 76 34
76 37 76 44
76 60 76 67
76 74 76 81
76 90 76 97
76 99 76 106
76 113 76 120
76 123 76 130
76 133 76 140
76 141 76 148
76 149 76 156
76 159 76 166
76 186 76 193
76 194 76 201
76 208 76 215
76 218 76 225
76 226 76 233
76 234 76 241
76 242 76 249
77 3 77 10
77 13 77 20
77 25 77 32
77 34 77 41
77 48 77 55
77 59 77 66
77 67 77 74
77 76 77 83
77 84 77 91
77 93 77 100
77 122 77 129
77 130 77 137
77 156 77 163
77 167 77 174
77 175 77 182
77 183 77 190
77 194 77 201
77 204 77 211
77 220 77 227
77 230 77 237
77 239 77 246
78 0 78 7
78 12 78 19
78 21 78 28
78 30 78 37
78 38 78 45
78 46 78 53
78 56 78 63
78 66 78 73
78 76 78 83
78 88 78 95
78 99 78 106
78 122 78 129
78 131 78 138
78 139 78 146
78 156 78 163
78 164 78 171
78 173 78 180
78 183 78 190
78 195 78 202
78 203 78 210
78 219 78 226
78 228 78 235
78 237 78 244
79 4 79 11
79 13 79 20
79 23 79 30
79 31 79 38
79 43 79 50
79 52 79 59
79 61 79 68
79 87 79 94
79 97 79 104
79 106 79 113
79 114 79 121
79 125 79 132
79 134 79 141
79 145 79 152
79 159 79 166
79 177 79 184
79 187 79 194
79 206 79 213
79 216 79 223
79 224 79 231
79 235 79 242
80 17 80 24
80 25 80 32
80 45 80 52
80 53 80 60
80 69 80 76
80 85 80 92
80 100 80 107
80 121 80 128
80 136 80 143
80 153 80 160
80 167 80 174
80 178 80 185
80 186 80 193
80 195 80 202
80 212 80 219
80 222 80 229
80 240 80 247
81 0 81 7
81 8 81 15
81 16 81 23
81 24 81 31
81 34 81 41
81 50 81 57
81 61 81 68
81 79 81 86
81 89 81 96
81 100 81 107
81 115 81 122
81 125 81 132
81 134 81 141
81 164 81 171
81 172 81 179
81 180 81 187
81 201 81 208
81 222 81 229
81 237 81 244
82 0 82 7
82 9 82 16
82 24 82 31
82 33 82 40
82 43 82 50
82 52 82 59
82 60 82 67
82 69 82 76
82 90 82 97
82 98 82 105
82 110 82 117
82 118 82 125
82 131 82 138
82 142 82 149
82 150 82 157
82 166 82 173
82 174 82 181
82 189 82 196
82 197 82 204
82 206 82 213
82 219 82 226
83 0 83 7
83 8 83 15
83 22 83 29
83 30 83 37
83 46 83 53
83 54 83 61
83 62 83 69
83 78 83 85
83 86 83 93
83 96 83 103
83 112 83 119
83 120 83 127
83 129 83 136
83 137 83 144
83 152 83 159
83 171 83 178
83 185 83 192
83 193 83 200
83 210 83 217
83 225 83 232
83 237 83 244
84 4 84 11
84 12 84 19
84 22 84 29
84 40 84 47
84 48 84 55
84 69 84 76
84 87 84 94
84 96 84 103
84 110 84 117
84 123 84 130
84 131 84 138
84 144 84 151
84 152 84 159
84 162 84 169
84 170 84 177
84 187 84 194
84 215 84 222
84 234 84 241
85 15 85 22
85 27 85 34
85 50 85 57
85 64 85 71
85 73 85 80
85 125 85 132
85 133 85 140
85 143 85 150
85 151 85 158
85 165 85 172
85 173 85 180
85 181 85 188
85 194 85 201
85 202 85 209
85 210 85 217
85 219 85 226
85 231 85 238
85 240 85 247
86 0 86 7
86 8 86 15
86 21 86 28
86 30 86 37
86 38 86 45
86 46 86 53
86 56 86 63
86 75 86 82
86 84 86 91
86 101 86 108
86 109 86 116
86 119 86 126
86 133 86 140
86 141 86 148
86 161 86 168
86 178 86 185
86 196 86 203
86 206 86 213
86 214 86 221
86 227 86 234
86 235 86 242
87 4 87 11
87 19 87 26
87 33 87 40
87 41 87 48
87 56 87 63
87 64 87 71
87 81 87 88
87 89 87 96
87 97 87 104
87 110 87 117
87 126 87 133
87 150 87 157
87 160 87 167
87 168 87 175
87 176 87 183
87 209 87 216
87 220 87 227
87 228 87 235
87 239 87 246
88 2 88 9
88 14 88 21
88 33 88 40
88 43 88 50
88 61 88 68
88 70 88 77
88 82 88 89
88 93 88 100
88 101 88 108
88 111 88 118
88 119 88 126
88 133 88 140
88 143 88 150
88 152 88 159
88 164 88 171
88 184 88 191
88 197 88 204
88 223 88 230
88 231 88 238
88 239 88 246
89 4 89 11
89 23 89 30
89 39 89 46
89 57 89 64
89 68 89 75
89 76 89 83
89 85 89 92
89 103 89 110
89 117 89 124
89 137 89 144
89 149 89 156
89 158 89 165
89 167 89 174
89 182 89 189
89 194 89 201
89 217 89 224
89 225 89 232
89 233 89 240
89 241 89 248
90 6 90 13
90 20 90 27
90 29 90 36
90 44 90 51
90 52 90 59
90 62 90 69
90 70 90 77
90 79 90 86
90 92 90 99
90 104 90 111
90 112 90 119
90 120 90 127
90 131 90 138
90 139 90 146
90 150 90 157
90 166 90 173
90 174 90 181
90 184 90 191
90 195 90 202
90 230 90 237
91 0 91 7
91 8 91 15
91 17 91 24
91 25 91 32
91 41 91 48
91 54 91 61
91 62 91 69
91 70 91 77
91 90 91 97
91 98 91 105
91 110 91 117
91 118 91 125
91 126 91 133
91 134 91 141
91 166 91 173
91 195 91 202
91 204 91 211
91 217 91 224
91 225 91 232
91 240 91 247
92 3 92 10
92 16 92 23
92 29 92 36
92 37 92 44
92 46 92 53
92 57 92 64
92 69 92 76
92 77 92 84
92 85 92 92
92 94 92 101
92 129 92 136
92 145 92 152
92 156 92 163
92 164 92 171
92 176 92 183
92 185 92 192
92 193 92 200
92 201 92 208
92 209 92 216
92 236 92 243
93 10 93 17
93 20 93 27
93 28 93 35
93 36 93 43
93 47 93 54
93 56 93 63
93 64 93 71
93 85 93 92
93 94 93 101
93 102 93 109
93 112 93 119
93 122 93 129
93 133 93 140
93 144 93 151
93 153 93 160
93 162 93 169
93 174 93 181
93 191 93 198
93 199 93 206
93 209 93 216
93 217 93 224
93 232 93 239
94 0 94 7
94 8 94 15
94 16 94 23
94 36 94 43
94 44 94 51
94 53 94 60
94 65 94 72
94 79 94 86
94 87 94 94
94 100 94 107
94 110 94 117
94 126 94 133
94 136 94 143
94 144 94 151
94 152 94 159
94 165 94 172
94 175 94 182
94 183 94 190
94 196 94 203
94 208 94 215
94 221 94 228
94 231 94 238
94 240 94 247
95 1 95 8
95 9 95 16
95 17 95 24
95 25 95 32
95 40 95 47
95 51 95 58
95 62 95 69
95 73 95 80
95 81 95 88
95 89 95 96
95 102 95 109
95 110 95 117
95 121 95 128
95 133 95 140
95 148 95 155
95 165 95 172
95 190 95 197
95 202 95 209
95 210 95 217
95 222 95 229
95 230 95 237
95 239 95 246
96 12 96 19
96 20 96 27
96 42 96 49
96 52 96 59
96 72 96 79
96 87 96 94
96 96 96 103
96 104 96 111
96 124 96 131
96 147 96 154
96 155 96 162
96 169 96 176
96 183 96 190
96 200 96 207
96 214 96 221
96 222 96 229
96 231 96 238
96 239 96 246
97 11 97 18
97 24 97 31
97 40 97 47
97 48 97 55
97 57 97 64
97 79 97 86
97 98 97 105
97 117 97 124
97 125 97 132
97 133 97 140
97 141 97 148
97 158 97 165
97 166 97 173
97 176 97 183
97 184 97 191
97 192 97 199
97 200 97 207
97 214 97 221
97 222 97 229
98 6 98 13
98 14 98 21
98 25 98 32
98 33 98 40
98 46 98 53
98 54 98 61
98 63 98 70
98 71 98 78
98 79 98 86
98 103 98 110
98 118 98 125
98 129 98 136
98 138 98 145
98 147 98 154
98 162 98 169
98 170 98 177
98 182 98 189
98 190 98 197
98 207 98 214
98 215 98 222
98 223 98 230
98 235 98 242
99 1 99 8
99 16 99 23
99 26 99 33
99 42 99 49
99 57 99 64
99 65 99 72
99 82 99 89
99 98 99 105
99 107 99 114
99 117 99 124
99 134 99 141
99 144 99 151
99 152 99 159
99 160 99 167
99 169 99 176
99 178 99 185
99 198 99 205
99 207 99 214
99 218 99 225
99 242 99 249
100 0 100 7
100 9 100 16
100 24 100 31
100 45 100 52
100 53 100 60
100 61 100 68
100 69 100 76
100 77 100 84
100 89 100 96
100 98 100 105
100 114 100 121
100 122 100 129
100 132 100 139
100 143 100 150
100 151 100 158
100 159 100 166
100 168 100 175
100 184 100 191
100 192 100 199
100 201 100 208
100 212 100 219
100 223 100 230
100 232 100 239
100 240 100 247
101 5 101 12
101 18 101 25
101 26 101 33
101 51 101 58
101 59 101 66
101 70 101 77
101 78 101 85
101 92 101 99
101 102 101 109
101 122 101 129
101 134 101 141
101 142 101 149
101 166 101 173
101 174 101 181
101 197 101 204
101 206 101 213
101 214 101 221
101 228 101 235
101 236 101 243
102 6 102 13
102 15 102 22
102 36 102 43
102 45 102 52
102 53 102 60
102 71 102 78
102 83 102 90
102 92 102 99
102 109 102 116
102 120 102 127
102 129 102 136
102 137 102 144
102 150 102 157
102 158 102 165
102 170 102 177
102 178 102 185
102 201 102 208
102 209 102 216
102 217 102 224
102 230 102 237
102 238 102 245
103 1 103 8
103 18 103 25
103 29 103 36
103 37 103 44
103 46 103 53
103 54 103 61
103 69 103 76
103 80 103 87
103 130 103 137
103 143 103 150
103 156 103 163
103 165 103 172
103 173 103 180
103 201 103 208
103 210 103 217
103 219 103 226
103 230 103 237
103 242 103 249
104 13 104 20
104 27 104 34
104 35 104 42
104 45 104 52
104 72 104 79
104 80 104 87
104 90 104 97
104 98 104 105
104 117 104 124
104 125 104 132
104 133 104 140
104 141 104 148
104 163 104 170
104 177 104 184
104 191 104 198
104 200 104 207
104 212 104 219
104 222 104 229
104 230 104 237
104 238 104 245
105 4 105 11
105 13 105 20
105 26 105 33
105 34 105 41
105 42 105 49
105 55 105 62
105 63 105 70
105 77 105 84
105 87 105 94
105 97 105 104
105 105 105 112
105 121 105 128
105 132 105 139
105 141 105 148
105 153 105 160
105 171 105 178
105 179 105 186
105 207 105 214
105 232 105 239
105 241 105 248
106 0 106 7
106 20 106 27
106 28 106 35
106 37 106 44
106 45 106 52
106 77 106 84
106 86 106 93
106 101 106 108
106 109 106 116
106 120 106 127
106 137 106 144
106 176 106 183
106 186 106 193
106 194 106 201
106 217 106 224
106 228 106 235
106 240 106 247
107 1 107 8
107 12 107 19
107 28 107 35
107 37 107 44
107 49 107 56
107 59 107 66
107 68 107 75
107 76 107 83
107 86 107 93
107 103 107 110
107 112 107 119
107 120 107 127
107 128 107 135
107 146 107 153
107 154 107 161
107 175 107 182
107 201 107 208
107 211 107 218
107 223 107 230
107 239 107 246
108 4 108 11
108 17 108 24
108 40 108 47
108 51 108 58
108 65 108 72
108 82 108 89
108 90 108 97
108 98 108 105
108 107 108 114
108 137 108 144
108 151 108 158
108 167 108 174
108 175 108 182
108 183 108 190
108 191 108 198
108 207 108 214
108 215 108 222
108 224 108 231
108 236 108 243
109 0 109 7
109 11 109 18
109 23 109 30
109 31 109 38
109 39 109 46
109 50 109 57
109 62 109 69
109 71 109 78
109 85 109 92
109 93 109 100
109 103 109 110
109 124 109 131
109 138 109 145
109 150 109 157
109 159 109 166
109 172 109 179
109 180 109 187
109 190 109 197
109 212 109 219
109 228 109 235
109 236 109 243
110 0 110 7
110 9 110 16
110 19 110 26
110 34 110 41
110 42 110 49
110 50 110 57
110 69 110 76
110 87 110 94
110 95 110 102
110 110 110 117
110 126 110 133
110 155 110 162
110 169 110 176
110 178 110 185
110 187 110 194
110 195 110 202
110 203 110 210
110 217 110 224
110 239 110 246
111 15 111 22
111 38 111 45
111 46 111 53
111 57 111 64
111 73 111 80
111 95 111 102
111 104 111 111
111 113 111 120
111 123 111 130
111 132 111 139
111 143 111 150
111 176 111 183
111 184 111 191
111 192 111 199
111 200 111 207
111 219 111 226
111 227 111 234
112 3 112 10
112 21 112 28
112 33 112 40
112 43 112 50
112 51 112 58
112 60 112 67
112 76 112 83
112 84 112 91
112 106 112 113
112 114 112 121
112 128 112 135
112 137 112 144
112 149 112 156
112 159 112 166
112 167 112 174
112 177 112 184
112 188 112 195
112 196 112 203
112 208 112 215
112 226 112 233
112 235 112 242
113 0 113 7
113 19 113 26
113 27 113 34
113 52 113 59
113 60 113 67
113 70 113 77
113 80 113 87
113 98 113 105
113 112 113 119
113 125 113 132
113 135 113 142
113 145 113 152
113 163 113 170
113 173 113 180
113 181 113 188
113 199 113 206
113 207 113 214
113 215 113 222
113 223 113 230
113 231 113 238
113 239 113 246
114 9 114 16
114 17 114 24
114 25 114 32
114 38 114 45
114 49 114 56
114 57 114 64
114 65 114 72
114 79 114 86
114 90 114 97
114 102 114 109
114 115 114 122
114 125 114 132
114 134 114 141
114 145 114 152
114 158 114 165
114 168 114 175
114 178 114 185
114 193 114 200
114 201 114 208
114 210 114 217
114 235 114 242
115 0 115 7
115 9 115 16
115 17 115 24
115 25 115 32
115 33 115 40
115 46 115 53
115 54 115 61
115 62 115 69
115 82 115 89
115 92 115 99
115 104 115 111
115 113 115 120
115 122 115 129
115 131 115 138
115 142 115 149
115 151 115 158
115 172 115 179
115 185 115 192
115 207 115 214
115 216 115 223
115 225 115 232
115 242 115 249
116 7 116 14
116 29 116 36
116 40 116 47
116 54 116 61
116 72 116 79
116 80 116 87
116 90 116 97
116 99 116 106
116 108 116 115
116 116 116 123
116 124 116 131
116 140 116 147
116 148 116 155
116 158 116 165
116 166 116 173
116 178 116 185
116 186 116 193
116 215 116 222
116 233 116 240
117 7 117 14
117 15 117 22
117 34 117 41
117 53 117 60
117 62 117 69
117 73 117 80
117 96 117 103
117 104 117 111
117 135 117 142
117 143 117 150
117 151 117 158
117 162 117 169
117 173 117 180
117 181 117 188
117 189 117 196
117 203 117 210
117 217 117 224
117 226 117 233
117 237 117 244
118 1 118 8
118 13 118 20
118 26 118 33
118 48 118 55
118 60 118 67
118 71 118 78
118 79 118 86
118 100 118 107
118 109 118 116
118 118 118 125
118 126 118 133
118 134 118 141
118 144 118 151
118 152 118 159
118 161 118 168
118 170 118 177
118 180 118 187
118 193 118 200
118 209 118 216
118 219 118 226
118 235 118 242
119 8 119 15
119 20 119 27
119 41 119 48
119 49 119 56
119 59 119 66
119 67 119 74
119 76 119 83
119 87 119 94
119 95 119 102
119 106 119 113
119 120 119 127
119 136 119 143
119 149 119 156
119 163 119 170
119 179 119 186
119 187 119 194
119 195 119 202
119 203 119 210
119 213 119 220
119 228 119 235
120 8 120 15
120 20 120 27
120 30 120 37
120 41 120 48
120 50 120 57
120 62 120 69
120 76 120 83
120 84 120 91
120 100 120 107
120 116 120 123
120 131 120 138
120 139 120 146
120 169 120 176
120 180 120 187
120 188 120 195
120 196 120 203
120 204 120 211
120 212 120 219
120 220 120 227
120 229 120 236
120 237 120 244
121 3 121 10
121 23 121 30
121 35 121 42
121 57 121 64
121 65 121 72
121 81 121 88
121 98 121 105
121 112 121 119
121 120 121 127
121 137 121 144
121 154 121 161
121 170 121 177
121 193 121 200
121 208 121 215
121 218 121 225
121 229 121 236
121 241 121 248
122 10 122 17
122 18 122 25
122 45 122 52
122 53 122 60
122 61 122 68
122 73 122 80
122 81 122 88
122 89 122 96
122 109 122 116
122 117 122 124
122 134 122 141
122 150 122 157
122 158 122 165
122 167 122 174
122 184 122 191
122 194 122 201
122 211 122 218
122 222 122 229
122 238 122 245
123 7 123 14
123 15 123 22
123 26 123 33
123 38 123 45
123 57 123 64
123 65 123 72
123 89 123 96
123 100 123 107
123 109 123 116
123 132 123 139
123 140 123 147
123 155 123 162
123 165 123 172
123 180 123 187
123 189 123 196
123 198 123 205
123 206 123 213
123 221 123 228
124 0 124 7
124 11 124 18
124 31 124 38
124 44 124 51
124 53 124 60
124 63 124 70
124 84 124 91
124 101 124 108
124 112 124 119
124 120 124 127
124 130 124 137
124 145 124 152
124 153 124 160
124 162 124 169
124 180 124 187
124 199 124 206
124 231 124 238
124 242 124 249
125 4 125 11
125 17 125 24
125 26 125 33
125 36 125 43
125 77 125 84
125 91 125 98
125 100 125 107
125 109 125 116
125 120 125 127
125 129 125 136
125 150 125 157
125 163 125 170
125 179 125 186
125 187 125 194
125 201 125 208
125 210 125 217
125 227 125 234
126 6 126 13
126 18 126 25
126 38 126 45
126 46 126 53
126 54 126 61
126 66 126 73
126 83 126 90
126 95 126 102
126 104 126 111
126 133 126 140
126 142 126 149
126 150 126 157
126 163 126 170
126 180 126 187
126 190 126 197
126 207 126 214
126 220 126 227
126 235 126 242
127 5 127 12
127 16 127 23
127 24 127 31
127 46 127 53
127 63 127 70
127 73 127 80
127 98 127 105
127 106 127 113
127 114 127 121
127 123 127 130
127 136 127 143
127 151 127 158
127 163 127 170
127 171 127 178
127 184 127 191
127 200 127 207
127 208 127 215
127 216 127 223
127 226 127 233
127 234 127 241
128 0 128 7
128 8 128 15
128 16 128 23
128 24 128 31
128 32 128 39
128 51 128 58
128 65 128 72
128 77 128 84
128 85 128 92
128 95 128 102
128 103 128 110
128 113 128 120
128 128 128 135
128 136 128 143
128 144 128 151
128 152 128 159
128 168 128 175
128 176 128 183
128 184 128 191
128 192 128 199
128 209 128 216
128 218 128 225
128 234 128 241
128 242 128 249
129 6 129 13
129 24 129 31
129 43 129 50
129 53 129 60
129 68 129 75
129 85 129 92
129 93 129 100
129 102 129 109
129 115 129 122
129 140 129 147
129 160 129 167
129 172 129 179
129 188 129 195
129 197 129 204
129 205 129 212
129 213 129 220
129 222 129 229
129 234 129 241
130 1 130 8
130 11 130 18
130 26 130 33
130 41 130 48
130 50 130 57
130 58 130 65
130 76 130 83
130 88 130 95
130 97 130 104
130 107 130 114
130 122 130 129
130 145 130 152
130 153 130 160
130 163 130 170
130 180 130 187
130 191 130 198
130 199 130 206
130 211 130 218
130 219 130 226
130 230 130 237
130 239 130 246
131 1 131 8
131 18 131 25
131 28 131 35
131 40 131 47
131 54 131 61
131 67 131 74
131 75 131 82
131 83 131 90
131 94 131 101
131 108 131 115
131 133 131 140
131 141 131 148
131 152 131 159
131 160 131 167
131 170 131 177
131 190 131 197
131 198 131 205
131 206 131 213
131 216 131 223
131 226 131 233
131 236 131 243
132 7 132 14
132 23 132 30
132 31 132 38
132 39 132 46
132 53 132 60
132 63 132 70
132 80 132 87
132 94 132 101
132 104 132 111
132 115 132 122
132 131 132 138
132 143 132 150
132 173 132 180
132 194 132 201
132 202 132 209
132 210 132 217
132 218 132 225
132 227 132 234
133 8 133 15
133 16 133 23
133 28 133 35
133 39 133 46
133 47 133 54
133 55 133 62
133 64 133 71
133 89 133 96
133 102 133 109
133 123 133 130
133 131 133 138
133 139 133 146
133 159 133 166
133 168 133 175
133 176 133 183
133 184 133 191
133 195 133 202
133 207 133 214
133 215 133 222
133 225 133 232
133 233 133 240
133 241 133 248
134 9 134 16
134 30 134 37
134 39 134 46
134 55 134 62
134 64 134 71
134 72 134 79
134 82 134 89
134 92 134 99
134 103 134 110
134 112 134 119
134 120 134 127
134 146 134 153
134 176 134 183
134 188 134 195
134 211 134 218
134 220 134 227
134 233 134 240
135 0 135 7
135 12 135 19
135 21 135 28
135 41 135 48
135 49 135 56
135 58 135 65
135 68 135 75
135 94 135 101
135 103 135 110
135 111 135 118
135 138 135 145
135 152 135 159
135 160 135 167
135 172 135 179
135 187 135 194
135 207 135 214
135 216 135 223
135 231 135 238
135 239 135 246
136 24 136 31
136 53 136 60
136 72 136 79
136 80 136 87
136 91 136 98
136 112 136 119
136 128 136 135
136 141 136 148
136 155 136 162
136 173 136 180
136 181 136 188
136 197 136 204
136 208 136 215
136 216 136 223
136 226 136 233
136 236 136 243
137 0 137 7
137 18 137 25
137 34 137 41
137 42 137 49
137 57 137 64
137 67 137 74
137 75 137 82
137 97 137 104
137 127 137 134
137 137 137 144
137 149 137 156
137 157 137 164
137 165 137 172
137 186 137 193
137 196 137 203
137 204 137 211
137 215 137 222
137 224 137 231
137 232 137 239
138 3 138 10
138 20 138 27
138 36 138 43
138 45 138 52
138 54 138 61
138 63 138 70
138 77 138 84
138 85 138 92
138 102 138 109
138 110 138 117
138 119 138 126
138 128 138 135
138 136 138 143
138 154 138 161
138 163 138 170
138 177 138 184
138 185 138 192
138 203 138 210
138 211 138 218
138 220 138 227
138 230 138 237
138 238 138 245
139 1 139 8
139 18 139 25
139 26 139 33
139 36 139 43
139 45 139 52
139 53 139 60
139 69 139 76
139 79 139 86
139 100 139 107
139 108 139 115
139 118 139 125
139 133 139 140
139 143 139 150
139 160 139 167
139 168 139 175
139 176 139 183
139 185 139 192
139 194 139 201
139 206 139 213
139 214 139 221
139 229 139 236
139 238 139 245
140 2 140 9
140 11 140 18
140 22 140 29
140 37 140 44
140 62 140 69
140 70 140 77
140 88 140 95
140 103 140 110
140 118 140 125
140 128 140 135
140 136 140 143
140 153 140 160
140 168 140 175
140 176 140 183
140 184 140 191
140 197 140 204
140 206 140 213
140 217 140 224
140 240 140 247
141 0 141 7
141 14 141 21
141 22 141 29
141 34 141 41
141 47 141 54
141 55 141 62
141 73 141 80
141 84 141 91
141 94 141 101
141 102 141 109
141 110 141 117
141 118 141 125
141 127 141 134
141 139 141 146
141 147 141 154
141 165 141 172
141 175 141 182
141 184 141 191
141 197 141 204
141 214 141 221
141 225 141 232
141 234 141 241
141 242 141 249
142 2 142 9
142 11 142 18
142 24 142 31
142 32 142 39
142 57 142 64
142 74 142 81
142 82 142 89
142 93 142 100
142 101 142 108
142 109 142 116
142 118 142 125
142 126 142 133
142 139 142 146
142 148 142 155
142 156 142 163
142 164 142 171
142 172 142 179
142 185 142 192
142 193 142 200
142 203 142 210
142 212 142 219
142 222 142 229
142 230 142 237
143 0 143 7
143 9 143 16
143 25 143 32
143 36 143 43
143 48 143 55
143 76 143 83
143 85 143 92
143 100 143 107
143 108 143 115
143 116 143 123
143 124 143 131
143 135 143 142
143 144 143 151
143 152 143 159
143 162 143 169
143 174 143 181
143 182 143 189
143 190 143 197
143 198 143 205
143 211 143 218
143 223 143 230
143 233 143 240
143 242 143 249
144 7 144 14
144 21 144 28
144 29 144 36
144 38 144 45
144 56 144 63
144 66 144 73
144 77 144 84
144 92 144 99
144 111 144 118
144 120 144 127
144 129 144 136
144 139 144 146
144 153 144 160
144 161 144 168
144 182 144 189
144 190 144 197
144 201 144 208
144 220 144 227
144 239 144 246
145 4 145 11
145 22 145 29
145 30 145 37
145 48 145 55
145 67 145 74
145 75 145 82
145 101 145 108
145 110 145 117
145 125 145 132
145 134 145 141
145 142 145 149
145 165 145 172
145 180 145 187
145 189 145 196
145 197 145 204
145 206 145 213
145 219 145 226
145 232 145 239
145 241 145 248
146 0 146 7
146 15 146 22
146 23 146 30
146 31 146 38
146 43 146 50
146 51 146 58
146 59 146 66
146 70 146 77
146 79 146 86
146 91 146 98
146 113 146 120
146 128 146 135
146 138 146 145
146 148 146 155
146 156 146 163
146 166 146 173
146 175 146 182
146 184 146 191
146 192 146 199
146 206 146 213
146 214 146 221
146 223 146 230
146 231 146 238
146 239 146 246
147 0 147 7
147 9 147 16
147 28 147 35
147 38 147 45
147 56 147 63
147 64 147 71
147 85 147 92
147 100 147 107
147 109 147 116
147 118 147 125
147 127 147 134
147 156 147 163
147 168 147 175
147 177 147 184
147 187 147 194
147 197 147 204
147 205 147 212
147 232 147 239
148 2 148 9
148 10 148 17
148 29 148 36
148 40 148 47
148 51 148 58
148 63 148 70
148 77 148 84
148 102 148 109
148 114 148 121
148 125 148 132
148 136 148 143
148 146 148 153
148 164 148 171
148 172 148 179
148 189 148 196
148 206 148 213
148 216 148 223
148 224 148 231
148 233 148 240
148 242 148 249
149 4 149 11
149 23 149 30
149 45 149 52
149 62 149 69
149 75 149 82
149 89 149 96
149 98 149 105
149 110 149 117
149 118 149 125
149 126 149 133
149 139 149 146
149 150 149 157
149 158 149 165
149 166 149 173
149 186 149 193
149 202 149 209
149 210 149 217
149 223 149 230
149 233 149 240
149 241 149 248
150 8 150 15
150 17 150 24
150 28 150 35
150 38 150 45
150 46 150 53
150 54 150 61
150 68 150 75
150 81 150 88
150 95 150 102
150 103 150 110
150 122 150 129
150 130 150 137
150 138 150 145
150 149 150 156
150 173 150 180
150 192 150 199
150 208 150 215
150 216 150 223
150 224 150 231
151 1 151 8
151 9 151 16
151 20 151 27
151 35 151 42
151 45 151 52
151 61 151 68
151 72 151 79
151 95 151 102
151 105 151 112
151 115 151 122
151 123 151 130
151 135 151 142
151 143 151 150
151 153 151 160
151 163 151 170
151 181 151 188
151 189 151 196
151 198 151 205
151 206 151 213
151 218 151 225
151 228 151 235
152 3 152 10
152 11 152 18
152 28 152 35
152 52 152 59
152 60 152 67
152 72 152 79
152 88 152 95
152 105 152 112
152 113 152 120
152 127 152 134
152 141 152 148
152 161 152 168
152 169 152 176
152 181 152 188
152 191 152 198
152 204 152 211
152 240 152 247
153 3 153 10
153 12 153 19
153 20 153 27
153 39 153 46
153 48 153 55
153 63 153 70
153 86 153 93
153 96 153 103
153 104 153 111
153 115 153 122
153 126 153 133
153 157 153 164
153 166 153 173
153 183 153 190
153 192 153 199
153 200 153 207
153 213 153 220
153 221 153 228
153 241 153 248
154 1 154 8
154 40 154 47
154 55 154 62
154 71 154 78
154 98 154 105
154 106 154 113
154 117 154 124
154 126 154 133
154 138 154 145
154 149 154 156
154 160 154 167
154 169 154 176
154 177 154 184
154 197 154 204
154 207 154 214
154 215 154 222
154 229 154 236
155 11 155 18
155 27 155 34
155 35 155 42
155 45 155 52
155 54 155 61
155 67 155 74
155 75 155 82
155 84 155 91
155 95 155 102
155 103 155 110
155 113 155 120
155 121 155 128
155 132 155 139
155 148 155 155
155 162 155 169
155 170 155 177
155 178 155 185
155 188 155 195
155 199 155 206
155 212 155 219
155 220 155 227
155 238 155 245
156 9 156 16
156 21 156 28
156 35 156 42
156 46 156 53
156 55 156 62
156 74 156 81
156 82 156 89
156 94 156 101
156 106 156 113
156 124 156 131
156 134 156 141
156 142 156 149
156 150 156 157
156 164 156 171
156 176 156 183
156 184 156 191
156 192 156 199
156 203 156 210
156 220 156 227
156 228 156 235
156 236 156 243
157 1 157 8
157 16 157 23
157 25 157 32
157 42 157 49
157 61 157 68
157 78 157 85
157 92 157 99
157 105 157 112
157 116 157 123
157 133 157 140
157 144 157 151
157 152 157 159
157 160 157 167
157 168 157 175
157 177 157 184
157 185 157 192
157 203 157 210
157 216 157 223
157 224 157 231
157 241 157 248
158 1 158 8
158 9 158 16
158 17 158 24
158 36 158 43
158 44 158 51
158 55 158 62
158 75 158 82
158 83 158 90
158 93 158 100
158 101 158 108
158 109 158 116
158 117 158 124
158 130 158 137
158 138 158 145
158 148 158 155
158 168 158 175
158 178 158 185
158 187 158 194
158 195 158 202
158 204 158 211
158 212 158 219
158 221 158 228
158 231 158 238
158 239 158 246
159 11 159 18
159 21 159 28
159 36 159 43
159 44 159 51
159 60 159 67
159 70 159 77
159 79 159 86
159 88 159 95
159 100 159 107
159 123 159 130
159 153 159 160
159 161 159 168
159 171 159 178
159 194 159 201
159 206 159 213
159 214 159 221
159 225 159 232
159 236 159 243
160 4 160 11
160 20 160 27
160 29 160 36
160 54 160 61
160 64 160 71
160 79 160 86
160 87 160 94
160 99 160 106
160 107 160 114
160 115 160 122
160 129 160 136
160 140 160 147
160 160 160 167
160 169 160 176
160 187 160 194
160 198 160 205
160 206 160 213
160 214 160 221
160 222 160 229
160 238 160 245
161 7 161 14
161 16 161 23
161 25 161 32
161 34 161 41
161 47 161 54
161 63 161 70
161 84 161 91
161 94 161 101
161 108 161 115
161 116 161 123
161 126 161 133
161 134 161 141
161 143 161 150
161 168 161 175
161 177 161 184
161 185 161 192
161 193 161 200
161 205 161 212
161 223 161 230
161 231 161 238
162 0 162 7
162 8 162 15
162 16 162 23
162 24 162 31
162 32 162 39
162 45 162 52
162 63 162 70
162 75 162 82
162 83 162 90
162 93 162 100
162 105 162 112
162 113 162 120
162 125 162 132
162 137 162 144
162 145 162 152
162 174 162 181
162 193 162 200
162 201 162 208
162 211 162 218
162 222 162 229
162 238 162 245
163 0 163 7
163 8 163 15
163 22 163 29
163 31 163 38
163 67 163 74
163 91 163 98
163 100 163 107
163 113 163 120
163 121 163 128
163 130 163 137
163 150 163 157
163 158 163 165
163 177 163 184
163 188 163 195
163 198 163 205
163 206 163 213
163 214 163 221
163 222 163 229
163 232 163 239
163 241 163 248
164 6 164 13
164 18 164 25
164 27 164 34
164 35 164 42
164 45 164 52
164 54 164 61
164 68 164 75
164 88 164 95
164 96 164 103
164 104 164 111
164 112 164 119
164 122 164 129
164 140 164 147
164 150 164 157
164 158 164 165
164 170 164 177
164 178 164 185
164 192 164 199
164 205 164 212
164 213 164 220
164 221 164 228
164 230 164 237
164 241 164 248
165 11 165 18
165 22 165 29
165 34 165 41
165 49 165 56
165 58 165 65
165 68 165 75
165 99 165 106
165 107 165 114
165 117 165 124
165 129 165 136
165 138 165 145
165 146 165 153
165 167 165 174
165 187 165 194
165 196 165 203
165 208 165 215
165 225 165 232
165 235 165 242
166 1 166 8
166 9 166 16
166 17 166 24
166 28 166 35
166 44 166 51
166 55 166 62
166 65 166 72
166 87 166 94
166 95 166 102
166 103 166 110
166 128 166 135
166 137 166 144
166 149 166 156
166 157 166 164
166 165 166 172
166 179 166 186
166 187 166 194
166 196 166 203
166 210 166 217
166 222 166 229
166 241 166 248
167 12 167 19
167 20 167 27
167 28 167 35
167 36 167 43
167 47 167 54
167 56 167 63
167 64 167 71
167 72 167 79
167 85 167 92
167 94 167 101
167 104 167 111
167 115 167 122
167 124 167 131
167 135 167 142
167 144 167 151
167 152 167 159
167 160 167 167
167 168 167 175
167 177 167 184
167 189 167 196
167 200 167 207
167 209 167 216
167 217 167 224
167 226 167 233
167 235 167 242
168 2 168 9
168 12 168 19
168 28 168 35
168 37 168 44
168 54 168 61
168 66 168 73
168 74 168 81
168 86 168 93
168 98 168 105
168 112 168 119
168 126 168 133
168 137 168 144
168 150 168 157
168 163 168 170
168 171 168 178
168 183 168 190
168 197 168 204
168 205 168 212
168 224 168 231
168 232 168 239
169 0 169 7
169 15 169 22
169 23 169 30
169 34 169 41
169 56 169 63
169 69 169 76
169 94 169 101
169 119 169 126
169 128 169 135
169 144 169 151
169 154 169 161
169 164 169 171
169 172 169 179
169 181 169 188
169 193 169 200
169 201 169 208
169 218 169 225
169 227 169 234
170 4 170 11
170 18 170 25
170 26 170 33
170 42 170 49
170 55 170 62
170 64 170 71
170 75 170 82
170 84 170 91
170 102 170 109
170 111 170 118
170 121 170 128
170 129 170 136
170 138 170 145
170 146 170 153
170 163 170 170
170 171 170 178
170 185 170 192
170 203 170 210
170 228 170 235
170 236 170 243
171 0 171 7
171 14 171 21
171 22 171 29
171 31 171 38
171 39 171 46
171 53 171 60
171 64 171 71
171 72 171 79
171 86 171 93
171 98 171 105
171 111 171 118
171 119 171 126
171 127 171 134
171 135 171 142
171 144 171 151
171 153 171 160
171 161 171 168
171 178 171 185
171 186 171 193
171 216 171 223
171 228 171 235
171 240 171 247
172 5 172 12
172 16 172 23
172 25 172 32
172 44 172 51
172 58 172 65
172 72 172 79
172 90 172 97
172 101 172 108
172 109 172 116
172 118 172 125
172 126 172 133
172 145 172 152
172 154 172 161
172 178 172 185
172 186 172 193
172 194 172 201
172 202 172 209
172 210 172 217
172 218 172 225
172 230 172 237
173 4 173 11
173 14 173 21
173 22 173 29
173 30 173 37
173 40 173 47
173 48 173 55
173 64 173 71
173 72 173 79
173 88 173 95
173 119 173 126
173 127 173 134
173 137 173 144
173 145 173 152
173 162 173 169
173 170 173 177
173 211 173 218
173 233 173 240
173 241 173 248
174 3 174 10
174 11 174 18
174 27 174 34
174 37 174 44
174 45 174 52
174 53 174 60
174 61 174 68
174 69 174 76
174 82 174 89
174 92 174 99
174 106 174 113
174 118 174 125
174 128 174 135
174 140 174 147
174 155 174 162
174 163 174 170
174 174 174 181
174 187 174 194
174 195 174 202
174 205 174 212
174 217 174 224
174 227 174 234
174 242 174 249
175 2 175 9
175 14 175 21
175 22 175 29
175 30 175 37
175 40 175 47
175 49 175 56
175 60 175 67
175 80 175 87
175 93 175 100
175 103 175 110
175 111 175 118
175 119 175 126
175 131 175 138
175 150 175 157
175 167 175 174
175 183 175 190
175 193 175 200
175 204 175 211
175 213 175 220
175 223 175 230
175 231 175 238
176 5 176 12
176 13 176 20
176 21 176 28
176 30 176 37
176 51 176 58
176 64 176 71
176 73 176 80
176 83 176 90
176 95 176 102
176 105 176 112
176 120 176 127
176 132 176 139
176 145 176 152
176 156 176 163
176 165 176 172
176 174 176 181
176 187 176 194
176 195 176 202
176 204 176 211
176 212 176 219
176 229 176 236
176 237 176 244
177 0 177 7
177 21 177 28
177 36 177 43
177 52 177 59
177 63 177 70
177 74 177 81
177 88 177 95
177 96 177 103
177 117 177 124
177 129 177 136
177 137 177 144
177 145 177 152
177 155 177 162
177 169 177 176
177 187 177 194
177 197 177 204
177 205 177 212
177 213 177 220
177 221 177 228
177 229 177 236
178 2 178 9
178 16 178 23
178 26 178 33
178 38 178 45
178 47 178 54
178 55 178 62
178 72 178 79
178 81 178 88
178 89 178 96
178 98 178 105
178 109 178 116
178 119 178 126
178 130 178 137
178 149 178 156
178 163 178 170
178 173 178 180
178 183 178 190
178 195 178 202
178 209 178 216
178 217 178 224
178 225 178 232
178 238 178 245
179 0 179 7
179 10 179 17
179 27 179 34
179 36 179 43
179 47 179 54
179 55 179 62
179 64 179 71
179 76 179 83
179 85 179 92
179 94 179 101
179 106 179 113
179 114 179 121
179 132 179 139
179 141 179 148
179 155 179 162
179 163 179 170
179 176 179 183
179 200 179 207
179 209 179 216
179 217 179 224
179 226 179 233
179 239 179 246
180 3 180 10
180 16 180 23
180 25 180 32
180 33 180 40
180 44 180 51
180 57 180 64
180 65 180 72
180 74 180 81
180 84 180 91
180 95 180 102
180 106 180 113
180 114 180 121
180 122 180 129
180 137 180 144
180 160 180 167
180 173 180 180
180 190 180 197
180 216 180 223
180 227 180 234
180 240 180 247
181 5 181 12
181 15 181 22
181 25 181 32
181 33 181 40
181 47 181 54
181 64 181 71
181 72 181 79
181 80 181 87
181 96 181 103
181 104 181 111
181 112 181 119
181 120 181 127
181 131 181 138
181 144 181 151
181 155 181 162
181 165 181 172
181 178 181 185
181 187 181 194
181 198 181 205
181 209 181 216
181 221 181 228
181 230 181 237
181 238 181 245
182 4 182 11
182 13 182 20
182 23 182 30
182 35 182 42
182 59 182 66
182 72 182 79
182 80 182 87
182 89 182 96
182 102 182 109
182 112 182 119
182 133 182 140
182 149 182 156
182 158 182 165
182 176 182 183
182 184 182 191
182 205 182 212
182 217 182 224
182 236 182 243
183 9 183 16
183 18 183 25
183 26 183 33
183 34 183 41
183 62 183 69
183 70 183 77
183 78 183 85
183 89 183 96
183 97 183 104
183 112 183 119
183 140 183 147
183 148 183 155
183 157 183 164
183 167 183 174
183 178 183 185
183 186 183 193
183 194 183 201
183 206 183 213
183 214 183 221
183 228 183 235
183 237 183 244
184 13 184 20
184 25 184 32
184 34 184 41
184 42 184 49
184 51 184 58
184 65 184 72
184 87 184 94
184 103 184 110
184 116 184 123
184 124 184 131
184 133 184 140
184 141 184 148
184 152 184 159
184 161 184 168
184 169 184 176
184 187 184 194
184 195 184 202
184 209 184 216
184 217 184 224
184 230 184 237
184 238 184 245
185 1 185 8
185 13 185 20
185 25 185 32
185 33 185 40
185 52 185 59
185 60 185 67
185 70 185 77
185 78 185 85
185 87 185 94
185 99 185 106
185 108 185 115
185 118 185 125
185 128 185 135
185 137 185 144
185 148 185 155
185 159 185 166
185 169 185 176
185 182 185 189
185 191 185 198
185 202 185 209
185 210 185 217
185 222 185 229
185 230 185 237
185 239 185 246
186 6 186 13
186 19 186 26
186 27 186 34
186 47 186 54
186 61 186 68
186 72 186 79
186 85 186 92
186 97 186 104
186 108 186 115
186 116 186 123
186 124 186 131
186 137 186 144
186 146 186 153
186 154 186 161
186 163 186 170
186 176 186 183
186 192 186 199
186 205 186 212
186 213 186 220
186 227 186 234
186 237 186 244
187 3 187 10
187 13 187 20
187 25 187 32
187 33 187 40
187 53 187 60
187 75 187 82
187 84 187 91
187 99 187 106
187 107 187 114
187 118 187 125
187 127 187 134
187 136 187 143
187 147 187 154
187 157 187 164
187 173 187 180
187 195 187 202
187 203 187 210
187 218 187 225
187 227 187 234
187 235 187 242
188 2 188 9
188 12 188 19
188 20 188 27
188 35 188 42
188 47 188 54
188 59 188 66
188 75 188 82
188 84 188 91
188 94 188 101
188 106 188 113
188 119 188 126
188 127 188 134
188 139 188 146
188 147 188 154
188 157 188 164
188 171 188 178
188 180 188 187
188 192 188 199
188 202 188 209
188 210 188 217
188 225 188 232
188 233 188 240
188 241 188 248
189 4 189 11
189 16 189 23
189 24 189 31
189 32 189 39
189 41 189 48
189 60 189 67
189 69 189 76
189 79 189 86
189 90 189 97
189 103 189 110
189 117 189 124
189 125 189 132
189 143 189 150
189 151 189 158
189 165 189 172
189 173 189 180
189 187 189 194
189 203 189 210
189 214 189 221
189 223 189 230
189 232 189 239
189 242 189 249
190 3 190 10
190 12 190 19
190 40 190 47
190 48 190 55
190 63 190 70
190 71 190 78
190 86 190 93
190 94 190 101
190 113 190 120
190 131 190 138
190 139 190 146
190 152 190 159
190 165 190 172
190 173 190 180
190 188 190 195
190 198 190 205
190 211 190 218
190 226 190 233
190 235 190 242
191 9 191 16
191 21 191 28
191 34 191 41
191 43 191 50
191 51 191 58
191 60 191 67
191 76 191 83
191 84 191 91
191 95 191 102
191 103 191 110
191 119 191 126
191 127 191 134
191 143 191 150
191 157 191 164
191 170 191 177
191 196 191 203
191 204 191 211
191 217 191 224
191 226 191 233
192 0 192 7
192 15 192 22
192 31 192 38
192 45 192 52
192 53 192 60
192 61 192 68
192 75 192 82
192 99 192 106
192 121 192 128
192 129 192 136
192 141 192 148
192 150 192 157
192 159 192 166
192 173 192 180
192 181 192 188
192 198 192 205
192 207 192 214
192 217 192 224
192 225 192 232
192 233 192 240
193 10 193 17
193 22 193 29
193 31 193 38
193 41 193 48
193 54 193 61
193 62 193 69
193 70 193 77
193 96 193 103
193 108 193 115
193 116 193 123
193 124 193 131
193 137 193 144
193 145 193 152
193 155 193 162
193 171 193 178
193 197 193 204
193 210 193 217
193 219 193 226
193 231 193 238
193 240 193 247
194 0 194 7
194 8 194 15
194 16 194 23
194 24 194 31
194 46 194 53
194 55 194 62
194 67 194 74
194 81 194 88
194 89 194 96
194 98 194 105
194 109 194 116
194 125 194 132
194 133 194 140
194 153 194 160
194 164 194 171
194 177 194 184
194 191 194 198
194 208 194 215
194 225 194 232
194 234 194 241
195 3 195 10
195 11 195 18
195 19 195 26
195 35 195 42
195 44 195 51
195 52 195 59
195 63 195 70
195 75 195 82
195 85 195 92
195 101 195 108
195 109 195 116
195 126 195 133
195 138 195 145
195 148 195 155
195 165 195 172
195 174 195 181
195 197 195 204
195 217 195 224
195 226 195 233
195 234 195 241
195 242 195 249
196 7 196 14
196 17 196 24
196 25 196 32
196 33 196 40
196 44 196 51
196 53 196 60
196 64 196 71
196 79 196 86
196 92 196 99
196 110 196 117
196 125 196 132
196 166 196 173
196 177 196 184
196 200 196 207
196 211 196 218
196 226 196 233
196 234 196 241
197 4 197 11
197 12 197 19
197 23 197 30
197 37 197 44
197 45 197 52
197 57 197 64
197 93 197 100
197 101 197 108
197 109 197 116
197 122 197 129
197 130 197 137
197 138 197 145
197 149 197 156
197 157 197 164
197 167 197 174
197 180 197 187
197 192 197 199
197 209 197 216
197 223 197 230
197 238 197 245
198 8 198 15
198 27 198 34
198 44 198 51
198 55 198 62
198 66 198 73
198 88 198 95
198 97 198 104
198 125 198 132
198 137 198 144
198 151 198 158
198 159 198 166
198 170 198 177
198 178 198 185
198 192 198 199
198 202 198 209
198 210 198 217
198 225 198 232
198 233 198 240
198 241 198 248
199 6 199 13
199 17 199 24
199 31 199 38
199 48 199 55
199 57 199 64
199 65 199 72
199 88 199 95
199 105 199 112
199 125 199 132
199 139 199 146
199 147 199 154
199 158 199 165
199 172 199 179
199 190 199 197
199 198 199 205
199 206 199 213
199 215 199 222
199 229 199 236
1 117 2 120
2 151 3 154
3 168 4 171
3 181 4 184
3 224 4 227
4 120 5 123
9 168 10 171
9 244 10 247
10 214 11 217
13 145 14 148
14 241 15 244
15 0 16 3
15 245 16 248
18 246 19 249
19 96 20 99
19 241 20 244
20 245 21 248
21 0 22 3
23 138 24 141
24 230 25 233
25 135 26 138
27 239 28 242
27 243 28 246
29 23 30 26
29 27 30 30
29 229 30 232
30 138 31 141
31 118 32 121
31 244 32 247
32 113 33 116
33 0 34 3
33 186 34 189
34 246 35 249
36 67 37 70
36 181 37 184
38 163 39 166
38 223 39 226
39 2 40 5
39 246 40 249
40 60 41 63
40 139 41 142
41 210 42 213
41 243 42 246
42 13 43 16
43 140 44 143
43 233 44 236
45 107 46 110
45 237 46 240
46 80 47 83
49 246 50 249
50 8 51 11
50 165 51 168
54 10 55 13
54 110 55 113
54 135 55 138
54 200 55 203
55 19 56 22
56 41 57 44
56 198 57 201
57 139 58 142
59 17 60 20
60 31 61 34
60 85 61 88
61 76 62 79
62 195 63 198
62 199 63 202
63 2 64 5
63 6 64 9
63 83 64 86
65 0 66 3
65 45 66 48
66 179 67 182
66 224 67 227
67 246 68 249
71 56 72 59
72 39 73 42
74 148 75 151
74 222 75 225
75 169 76 172
76 107 77 110
78 245 79 248
79 0 80 3
79 39 80 42
79 78 80 81
80 108 81 111
80 145 81 148
80 149 81 152
80 230 81 233
81 214 82 217
81 245 82 248
83 104 84 107
83 180 84 183
83 201 84 204
83 205 84 208
84 83 85 86
85 96 86 99
85 189 86 192
87 51 88 54
87 192 88 195
88 176 89 179
88 208 89 211
89 212 90 215
90 161 91 164
91 106 92 109
93 73 94 76
95 33 96 36
95 141 96 144
95 177 96 180
96 208 97 211
97 90 98 93
97 244 98 247
99 34 100 37
101 188 102 191
102 63 103 66
103 106 104 109
103 151 104 154
103 187 104 190
104 21 105 24
104 113 105 116
105 162 106 165
105 202 106 205
106 95 107 98
106 166 107 169
108 199 109 202
108 244 109 247
109 79 110 82
109 119 110 122
110 30 111 33
110 151 111 154
110 164 111 167
110 211 111 214
111 243 112 246
112 13 113 16
112 94 113 97
115 194 116 197
115 198 116 201
116 0 117 3
116 49 117 52
116 211 117 214
116 246 117 249
117 42 118 45
117 88 118 91
119 245 120 248
120 92 121 95
120 108 121 111
120 147 121 150
122 127 123 130
123 73 124 76
123 77 124 80
123 176 124 179
124 141 125 144
124 219 125 222
124 223 125 226
125 0 126 3
125 158 126 161
125 171 126 174
125 175 126 178
126 32 127 35
127 42 128 45
127 59 128 62
128 123 129 126
129 130 130 133
129 135 130 138
131 48 132 51
131 244 132 247
132 72 133 75
133 0 134 3
133 4 134 7
133 154 134 157
137 13 138 16
137 28 138 31
139 225 140 228
140 192 141 195
141 67 142 70
141 135 142 138
142 20 143 23
144 15 145 18
144 87 145 90
144 228 145 231
147 19 148 22
147 23 148 26
148 182 149 185
148 198 149 201
150 89 151 92
150 237 151 240
150 242 151 245
151 80 152 83
152 135 153 138
152 233 153 236
153 32 154 35
153 79 154 82
154 63 155 66
154 246 155 249
155 1 156 4
157 69 158 72
158 29 159 32
159 179 160 182
160 72 161 75
161 157 162 160
161 246 162 249
162 166 163 169
163 76 164 79
165 78 166 81
168 45 169 48
168 106 169 109
168 242 169 245
168 246 169 249
169 50 170 53
169 214 170 217
170 194 171 197
171 80 172 83
172 84 173 87
173 100 174 103
175 141 176 144
175 245 176 248
176 113 177 116
177 10 178 13
177 246 178 249
179 149 180 152
179 185 180 188
181 55 182 58
181 246 182 249
182 0 183 3
183 5 184 8
184 95 185 98
184 178 185 181
186 41 187 44
186 187 187 190
187 71 188 74
187 165 188 168
188 55 189 58
189 181 190 184
190 243 191 246
191 189 192 192
192 86 193 89
192 193 193 196
193 187 194 190
194 119 195 122
195 185 196 188
195 189 196 192
195 193 196 196
196 0 197 3
196 72 197 75
197 188 198 191
198 0 199 3
198 39 199 42
198 114 199 117
198 118 199 121
8 38 11 39
9 248 12 249
14 199 17 200
24 47 27 48
24 247 27 248
27 53 30 54
32 242 35 243
34 222 37 223
43 1 46 2
52 96 55 97
53 248 56 249
58 248 61 249
61 81 64 82
65 177 68 178
70 151 73 152
71 1 74 2
80 162 83 163
85 248 88 249
87 205 90 206
90 248 93 249
111 247 114 248
119 1 122 2
133 205 136 206
151 84 154 85
156 33 159 34
157 52 160 53
164 83 167 84
170 226 173 227
186 0 189 1
196 77 199 78
77 249 84 249
132 249 139 249
149 0 156 0
0 108 0 116
1 237 1 245
2 44 2 52
4 17 4 25
5 13 5 21
7 187 7 195
12 47 12 55
13 160 13 168
15 189 15 197
26 115 26 123
27 92 27 100
30 127 30 135
33 56 33 64
34 80 34 88
37 0 37 8
46 46 46 54
48 167 48 175
52 125 52 133
52 168 52 176
57 215 57 223
59 63 59 71
59 74 59 82
75 10 75 18
80 6 80 14
82 77 82 85
82 229 82 237
85 35 85 43
91 79 91 87
96 1 96 9
97 232 97 240
101 37 101 45
101 110 101 118
105 190 105 198
106 64 106 72
108 120 108 128
116 62 116 70
117 113 117 121
123 46 123 54
129 32 129 40
132 152 132 160
134 158 134 166
135 80 135 88
135 119 135 127
142 241 142 249
152 216 152 224
153 145 153 153
158 157 158 165
159 111 159 119
159 136 159 144
175 70 175 78
185 42 185 50
2 32 4 34
11 237 13 239
13 141 15 143
18 0 20 2
25 194 27 196
26 86 28 88
30 42 32 44
32 161 34 163
41 69 43 71
41 247 43 249
46 176 48 178
54 205 56 207
54 217 56 219
54 231 56 233
54 234 56 236
59 216 61 218
61 70 63 72
73 145 75 147
77 153 79 155
94 118 96 120
95 37 97 39
97 94 99 96
101 192 103 194
108 146 110 148
118 38 120 40
119 16 121 18
119 128 121 130
123 239 125 241
125 243 127 245
135 8 137 10
137 93 139 95
151 177 153 179
152 237 154 239
158 247 160 249
161 55 163 57
169 211 171 213
172 0 174 2
178 235 180 237
181 128 183 130
183 247 185 249
190 247 192 249
197 84 199 86
4 158 4 167
14 0 14 9
14 95 14 104
17 139 17 148
21 205 21 214
22 196 22 205
26 16 26 25
41 163 41 172
43 167 43 176
58 0 58 9
64 68 64 77
64 118 64 127
85 103 85 112
91 142 91 151
91 181 91 190
92 115 92 124
97 65 97 74
102 23 102 32
103 89 103 98
104 54 104 63
106 145 106 154
107 183 107 192
110 134 110 143
111 83 111 92
122 30 122 39
137 174 137 183
140 229 140 238
147 135 147 144
152 40 152 49
160 38 160 47
162 182 162 191
163 139 163 148
172 134 172 143
182 192 182 201
183 48 183 57
195 205 195 214
196 150 196 159
5 105 6 109
23 168 24 172
33 105 34 109
44 79 45 83
73 245 74 249
75 68 76 72
84 58 85 62
87 27 88 31
88 127 89 131
94 160 95 164
102 195 103 199
111 68 112 72
113 153 114 157
116 23 117 27
121 178 122 182
121 202 122 206
131 123 132 127
134 128 135 132
134 196 135 200
136 244 137 248
141 42 142 46
144 173 145 177
159 148 160 152
163 62 164 66
164 1 165 5
170 198 171 202
171 169 172 173
176 44 177 48
186 245 187 249
190 29 191 33
191 112 192 116
192 91 193 95
71 96 75 97
94 248 98 249
6 62 6 72
15 41 15 51
20 124 20 134
33 130 33 140
59 151 59 161
60 52 60 62
68 84 68 94
76 45 76 55
78 110 78 120
105 217 105 227
120 151 120 161
126 118 126 128
129 148 129 158
132 181 132 191
133 110 133 120
136 34 136 44
147 72 147 82
154 14 154 24
173 187 173 197
180 202 180 212
3 197 3 208
3 238 3 249
28 215 28 226
34 16 34 27
40 97 40 108
47 229 47 240
52 234 52 245
87 135 87 146
103 117 103 128
124 207 124 218
199 238 199 249
10 154 11 159
24 151 25 156
48 63 49 68
59 181 60 186
72 157 73 162
114 73 115 78
122 231 123 236
136 120 137 125
147 93 148 98
182 120 183 125
70 230 72 233
196 219 198 222
